{"meta": {"format": 3, "version": "7.10.6", "timestamp": "2026-02-15T06:52:58.235055", "branch_coverage": false, "show_contexts": false}, "files": {"src/__init__.py": {"executed_lines": [1], "summary": {"covered_lines": 0, "num_statements": 0, "percent_covered": 100.0, "percent_covered_display": "100.00", "missing_lines": 0, "excluded_lines": 0}, "missing_lines": [], "excluded_lines": [], "functions": {"": {"executed_lines": [1], "summary": {"covered_lines": 0, "num_statements": 0, "percent_covered": 100.0, "percent_covered_display": "100.00", "missing_lines": 0, "excluded_lines": 0}, "missing_lines": [], "excluded_lines": []}}, "classes": {"": {"executed_lines": [1], "summary": {"covered_lines": 0, "num_statements": 0, "percent_covered": 100.0, "percent_covered_display": "100.00", "missing_lines": 0, "excluded_lines": 0}, "missing_lines": [], "excluded_lines": []}}}, "src/cache/__init__.py": {"executed_lines": [1, 2, 3, 4, 6], "summary": {"covered_lines": 4, "num_statements": 4, "percent_covered": 100.0, "percent_covered_display": "100.00", "missing_lines": 0, "excluded_lines": 0}, "missing_lines": [], "excluded_lines": [], "functions": {"": {"executed_lines": [1, 2, 3, 4, 6], "summary": {"covered_lines": 4, "num_statements": 4, "percent_covered": 100.0, "percent_covered_display": "100.00", "missing_lines": 0, "excluded_lines": 0}, "missing_lines": [], "excluded_lines": []}}, "classes": {"": {"executed_lines": [1, 2, 3, 4, 6], "summary": {"covered_lines": 4, "num_statements": 4, "percent_covered": 100.0, "percent_covered_display": "100.00", "missing_lines": 0, "excluded_lines": 0}, "missing_lines": [], "excluded_lines": []}}}, "src/cache/base.py": {"executed_lines": [1, 2, 3, 6, 7, 14, 15, 26, 27, 40, 41, 52, 53, 64, 65], "summary": {"covered_lines": 13, "num_statements": 18, "percent_covered": 72.22222222222223, "percent_covered_display": "72.22", "missing_lines": 5, "excluded_lines": 0}, "missing_lines": [24, 38, 50, 62, 71], "excluded_lines": [], "functions": {"CacheBackend.get": {"executed_lines": [], "summary": {"covered_lines": 0, "num_statements": 1, "percent_covered": 0.0, "percent_covered_display": "0.00", "missing_lines": 1, "excluded_lines": 0}, "missing_lines": [24], "excluded_lines": []}, "CacheBackend.set": {"executed_lines": [], "summary": {"covered_lines": 0, "num_statements": 1, "percent_covered": 0.0, "percent_covered_display": "0.00", "missing_lines": 1, "excluded_lines": 0}, "missing_lines": [38], "excluded_lines": []}, "CacheBackend.delete": {"executed_lines": [], "summary": {"covered_lines": 0, "num_statements": 1, "percent_covered": 0.0, "percent_covered_display": "0.00", "missing_lines": 1, "excluded_lines": 0}, "missing_lines": [50], "excluded_lines": []}, "CacheBackend.exists": {"executed_lines": [], "summary": {"covered_lines": 0, "num_statements": 1, "percent_covered": 0.0, "percent_covered_display": "0.00", "missing_lines": 1, "excluded_lines": 0}, "missing_lines": [62], "excluded_lines": []}, "CacheBackend.clear": {"executed_lines": [], "summary": {"covered_lines": 0, "num_statements": 1, "percent_covered": 0.0, "percent_covered_display": "0.00", "missing_lines": 1, "excluded_lines": 0}, "missing_lines": [71], "excluded_lines": []}, "": {"executed_lines": [1, 2, 3, 6, 7, 14, 15, 26, 27, 40, 41, 52, 53, 64, 65], "summary": {"covered_lines": 13, "num_statements": 13, "percent_covered": 100.0, "percent_covered_display": "100.00", "missing_lines": 0, "excluded_lines": 0}, "missing_lines": [], "excluded_lines": []}}, "classes": {"CacheBackend": {"executed_lines": [], "summary": {"covered_lines": 0, "num_statements": 5, "percent_covered": 0.0, "percent_covered_display": "0.00", "missing_lines": 5, "excluded_lines": 0}, "missing_lines": [24, 38, 50, 62, 71], "excluded_lines": []}, "": {"executed_lines": [1, 2, 3, 6, 7, 14, 15, 26, 27, 40, 41, 52, 53, 64, 65], "summary": {"covered_lines": 13, "num_statements": 13, "percent_covered": 100.0, "percent_covered_display": "100.00", "missing_lines": 0, "excluded_lines": 0}, "missing_lines": [], "excluded_lines": []}}}, "src/cache/memory_cache.py": {"executed_lines": [1, 2, 3, 4, 6, 9, 10, 16, 18, 19, 21, 23, 24, 25, 27, 30, 31, 32, 34, 36, 38, 39, 40, 41, 43, 44, 46, 48, 49, 50, 51, 52, 54, 56, 58, 60, 61, 62], "summary": {"covered_lines": 36, "num_statements": 36, "percent_covered": 100.0, "percent_covered_display": "100.00", "missing_lines": 0, "excluded_lines": 0}, "missing_lines": [], "excluded_lines": [], "functions": {"MemoryCache.__init__": {"executed_lines": [18, 19], "summary": {"covered_lines": 2, "num_statements": 2, "percent_covered": 100.0, "percent_covered_display": "100.00", "missing_lines": 0, "excluded_lines": 0}, "missing_lines": [], "excluded_lines": []}, "MemoryCache.get": {"executed_lines": [23, 24, 25, 27, 30, 31, 32, 34], "summary": {"covered_lines": 8, "num_statements": 8, "percent_covered": 100.0, "percent_covered_display": "100.00", "missing_lines": 0, "excluded_lines": 0}, "missing_lines": [], "excluded_lines": []}, "MemoryCache.set": {"executed_lines": [38, 39, 40, 41, 43, 44], "summary": {"covered_lines": 6, "num_statements": 6, "percent_covered": 100.0, "percent_covered_display": "100.00", "missing_lines": 0, "excluded_lines": 0}, "missing_lines": [], "excluded_lines": []}, "MemoryCache.delete": {"executed_lines": [48, 49, 50, 51, 52], "summary": {"covered_lines": 5, "num_statements": 5, "percent_covered": 100.0, "percent_covered_display": "100.00", "missing_lines": 0, "excluded_lines": 0}, "missing_lines": [], "excluded_lines": []}, "MemoryCache.exists": {"executed_lines": [56], "summary": {"covered_lines": 1, "num_statements": 1, "percent_covered": 100.0, "percent_covered_display": "100.00", "missing_lines": 0, "excluded_lines": 0}, "missing_lines": [], "excluded_lines": []}, "MemoryCache.clear": {"executed_lines": [60, 61, 62], "summary": {"covered_lines": 3, "num_statements": 3, "percent_covered": 100.0, "percent_covered_display": "100.00", "missing_lines": 0, "excluded_lines": 0}, "missing_lines": [], "excluded_lines": []}, "": {"executed_lines": [1, 2, 3, 4, 6, 9, 10, 16, 21, 36, 46, 54, 58], "summary": {"covered_lines": 11, "num_statements": 11, "percent_covered": 100.0, "percent_covered_display": "100.00", "missing_lines": 0, "excluded_lines": 0}, "missing_lines": [], "excluded_lines": []}}, "classes": {"MemoryCache": {"executed_lines": [18, 19, 23, 24, 25, 27, 30, 31, 32, 34, 38, 39, 40, 41, 43, 44, 48, 49, 50, 51, 52, 56, 60, 61, 62], "summary": {"covered_lines": 25, "num_statements": 25, "percent_covered": 100.0, "percent_covered_display": "100.00", "missing_lines": 0, "excluded_lines": 0}, "missing_lines": [], "excluded_lines": []}, "": {"executed_lines": [1, 2, 3, 4, 6, 9, 10, 16, 21, 36, 46, 54, 58], "summary": {"covered_lines": 11, "num_statements": 11, "percent_covered": 100.0, "percent_covered_display": "100.00", "missing_lines": 0, "excluded_lines": 0}, "missing_lines": [], "excluded_lines": []}}}, "src/cache/redis_cache.py": {"executed_lines": [1, 2, 3, 5, 7, 10, 11, 17, 34, 35, 44, 46, 48, 50, 52, 53, 54, 55, 59, 60, 64, 66, 68, 70, 71, 73, 77, 79, 80, 84, 86, 87, 91, 97, 98], "summary": {"covered_lines": 33, "num_statements": 43, "percent_covered": 76.74418604651163, "percent_covered_display": "76.74", "missing_lines": 10, "excluded_lines": 0}, "missing_lines": [61, 62, 74, 75, 81, 82, 88, 89, 99, 100], "excluded_lines": [], "functions": {"RedisCache.__init__": {"executed_lines": [34, 35, 44], "summary": {"covered_lines": 3, "num_statements": 3, "percent_covered": 100.0, "percent_covered_display": "100.00", "missing_lines": 0, "excluded_lines": 0}, "missing_lines": [], "excluded_lines": []}, "RedisCache._make_key": {"executed_lines": [48], "summary": {"covered_lines": 1, "num_statements": 1, "percent_covered": 100.0, "percent_covered_display": "100.00", "missing_lines": 0, "excluded_lines": 0}, "missing_lines": [], "excluded_lines": []}, "RedisCache.get": {"executed_lines": [52, 53, 54, 55, 59, 60], "summary": {"covered_lines": 6, "num_statements": 8, "percent_covered": 75.0, "percent_covered_display": "75.00", "missing_lines": 2, "excluded_lines": 0}, "missing_lines": [61, 62], "excluded_lines": []}, "RedisCache.set": {"executed_lines": [66, 68, 70, 71, 73], "summary": {"covered_lines": 5, "num_statements": 7, "percent_covered": 71.42857142857143, "percent_covered_display": "71.43", "missing_lines": 2, "excluded_lines": 0}, "missing_lines": [74, 75], "excluded_lines": []}, "RedisCache.delete": {"executed_lines": [79, 80], "summary": {"covered_lines": 2, "num_statements": 4, "percent_covered": 50.0, "percent_covered_display": "50.00", "missing_lines": 2, "excluded_lines": 0}, "missing_lines": [81, 82], "excluded_lines": []}, "RedisCache.exists": {"executed_lines": [86, 87], "summary": {"covered_lines": 2, "num_statements": 4, "percent_covered": 50.0, "percent_covered_display": "50.00", "missing_lines": 2, "excluded_lines": 0}, "missing_lines": [88, 89], "excluded_lines": []}, "RedisCache.clear": {"executed_lines": [97, 98], "summary": {"covered_lines": 2, "num_statements": 4, "percent_covered": 50.0, "percent_covered_display": "50.00", "missing_lines": 2, "excluded_lines": 0}, "missing_lines": [99, 100], "excluded_lines": []}, "": {"executed_lines": [1, 2, 3, 5, 7, 10, 11, 17, 46, 50, 64, 77, 84, 91], "summary": {"covered_lines": 12, "num_statements": 12, "percent_covered": 100.0, "percent_covered_display": "100.00", "missing_lines": 0, "excluded_lines": 0}, "missing_lines": [], "excluded_lines": []}}, "classes": {"RedisCache": {"executed_lines": [34, 35, 44, 48, 52, 53, 54, 55, 59, 60, 66, 68, 70, 71, 73, 79, 80, 86, 87, 97, 98], "summary": {"covered_lines": 21, "num_statements": 31, "percent_covered": 67.74193548387096, "percent_covered_display": "67.74", "missing_lines": 10, "excluded_lines": 0}, "missing_lines": [61, 62, 74, 75, 81, 82, 88, 89, 99, 100], "excluded_lines": []}, "": {"executed_lines": [1, 2, 3, 5, 7, 10, 11, 17, 46, 50, 64, 77, 84, 91], "summary": {"covered_lines": 12, "num_statements": 12, "percent_covered": 100.0, "percent_covered_display": "100.00", "missing_lines": 0, "excluded_lines": 0}, "missing_lines": [], "excluded_lines": []}}}, "src/config_migration.py": {"executed_lines": [1, 2, 3, 4, 6, 9, 12, 23, 24, 27, 30, 40, 43, 44, 47, 50, 51, 52, 54, 57, 73, 76, 77, 79, 80, 83, 84, 86], "summary": {"covered_lines": 27, "num_statements": 27, "percent_covered": 100.0, "percent_covered_display": "100.00", "missing_lines": 0, "excluded_lines": 0}, "missing_lines": [], "excluded_lines": [], "functions": {"detect_config_version": {"executed_lines": [23, 24, 27], "summary": {"covered_lines": 3, "num_statements": 3, "percent_covered": 100.0, "percent_covered_display": "100.00", "missing_lines": 0, "excluded_lines": 0}, "missing_lines": [], "excluded_lines": []}, "migrate_config": {"executed_lines": [40, 43, 44, 47, 50, 51, 52, 54], "summary": {"covered_lines": 8, "num_statements": 8, "percent_covered": 100.0, "percent_covered_display": "100.00", "missing_lines": 0, "excluded_lines": 0}, "missing_lines": [], "excluded_lines": []}, "_migrate_v1_to_v2": {"executed_lines": [73, 76, 77, 79, 80, 83, 84, 86], "summary": {"covered_lines": 8, "num_statements": 8, "percent_covered": 100.0, "percent_covered_display": "100.00", "missing_lines": 0, "excluded_lines": 0}, "missing_lines": [], "excluded_lines": []}, "": {"executed_lines": [1, 2, 3, 4, 6, 9, 12, 30, 57], "summary": {"covered_lines": 8, "num_statements": 8, "percent_covered": 100.0, "percent_covered_display": "100.00", "missing_lines": 0, "excluded_lines": 0}, "missing_lines": [], "excluded_lines": []}}, "classes": {"": {"executed_lines": [1, 2, 3, 4, 6, 9, 12, 23, 24, 27, 30, 40, 43, 44, 47, 50, 51, 52, 54, 57, 73, 76, 77, 79, 80, 83, 84, 86], "summary": {"covered_lines": 27, "num_statements": 27, "percent_covered": 100.0, "percent_covered_display": "100.00", "missing_lines": 0, "excluded_lines": 0}, "missing_lines": [], "excluded_lines": []}}}, "src/config_parser.py": {"executed_lines": [1, 2, 3, 4, 6, 7, 8, 11, 12, 14, 17, 18, 20, 29, 30, 32, 39, 40, 46, 47, 54, 55, 56, 57, 58, 64, 71, 72, 74, 75, 77, 79, 89, 90, 91, 92, 94, 97, 98, 100, 102, 115, 117, 118, 119, 120, 128, 130], "summary": {"covered_lines": 45, "num_statements": 45, "percent_covered": 100.0, "percent_covered_display": "100.00", "missing_lines": 0, "excluded_lines": 0}, "missing_lines": [], "excluded_lines": [], "functions": {"ConfigParser.__init__": {"executed_lines": [29, 30], "summary": {"covered_lines": 2, "num_statements": 2, "percent_covered": 100.0, "percent_covered_display": "100.00", "missing_lines": 0, "excluded_lines": 0}, "missing_lines": [], "excluded_lines": []}, "ConfigParser._validate_config": {"executed_lines": [39, 40, 46, 47, 54, 55, 56, 57, 58], "summary": {"covered_lines": 9, "num_statements": 9, "percent_covered": 100.0, "percent_covered_display": "100.00", "missing_lines": 0, "excluded_lines": 0}, "missing_lines": [], "excluded_lines": []}, "ConfigParser.get_servers": {"executed_lines": [71, 72, 74, 75, 77], "summary": {"covered_lines": 5, "num_statements": 5, "percent_covered": 100.0, "percent_covered_display": "100.00", "missing_lines": 0, "excluded_lines": 0}, "missing_lines": [], "excluded_lines": []}, "ConfigParser._process_server_config": {"executed_lines": [89, 90, 91, 92, 94, 97, 98, 100], "summary": {"covered_lines": 8, "num_statements": 8, "percent_covered": 100.0, "percent_covered_display": "100.00", "missing_lines": 0, "excluded_lines": 0}, "missing_lines": [], "excluded_lines": []}, "ConfigParser._substitute_env_vars": {"executed_lines": [115, 117, 130], "summary": {"covered_lines": 3, "num_statements": 3, "percent_covered": 100.0, "percent_covered_display": "100.00", "missing_lines": 0, "excluded_lines": 0}, "missing_lines": [], "excluded_lines": []}, "ConfigParser._substitute_env_vars.replace_var": {"executed_lines": [118, 119, 120, 128], "summary": {"covered_lines": 4, "num_statements": 4, "percent_covered": 100.0, "percent_covered_display": "100.00", "missing_lines": 0, "excluded_lines": 0}, "missing_lines": [], "excluded_lines": []}, "": {"executed_lines": [1, 2, 3, 4, 6, 7, 8, 11, 12, 14, 17, 18, 20, 32, 64, 79, 102], "summary": {"covered_lines": 14, "num_statements": 14, "percent_covered": 100.0, "percent_covered_display": "100.00", "missing_lines": 0, "excluded_lines": 0}, "missing_lines": [], "excluded_lines": []}}, "classes": {"ConfigError": {"executed_lines": [], "summary": {"covered_lines": 0, "num_statements": 0, "percent_covered": 100.0, "percent_covered_display": "100.00", "missing_lines": 0, "excluded_lines": 0}, "missing_lines": [], "excluded_lines": []}, "ConfigParser": {"executed_lines": [29, 30, 39, 40, 46, 47, 54, 55, 56, 57, 58, 71, 72, 74, 75, 77, 89, 90, 91, 92, 94, 97, 98, 100, 115, 117, 118, 119, 120, 128, 130], "summary": {"covered_lines": 31, "num_statements": 31, "percent_covered": 100.0, "percent_covered_display": "100.00", "missing_lines": 0, "excluded_lines": 0}, "missing_lines": [], "excluded_lines": []}, "": {"executed_lines": [1, 2, 3, 4, 6, 7, 8, 11, 12, 14, 17, 18, 20, 32, 64, 79, 102], "summary": {"covered_lines": 14, "num_statements": 14, "percent_covered": 100.0, "percent_covered_display": "100.00", "missing_lines": 0, "excluded_lines": 0}, "missing_lines": [], "excluded_lines": []}}}, "src/config_schema.py": {"executed_lines": [1, 2, 3, 4, 6, 7, 8, 10, 16, 19, 20, 21, 24, 34, 36, 39, 40, 43, 54, 60, 62, 63, 64, 66, 67], "summary": {"covered_lines": 24, "num_statements": 29, "percent_covered": 82.75862068965517, "percent_covered_display": "82.76", "missing_lines": 5, "excluded_lines": 0}, "missing_lines": [11, 12, 13, 37, 55], "excluded_lines": [], "functions": {"get_schema_path": {"executed_lines": [19, 20, 21], "summary": {"covered_lines": 3, "num_statements": 3, "percent_covered": 100.0, "percent_covered_display": "100.00", "missing_lines": 0, "excluded_lines": 0}, "missing_lines": [], "excluded_lines": []}, "load_schema": {"executed_lines": [34, 36, 39, 40], "summary": {"covered_lines": 4, "num_statements": 5, "percent_covered": 80.0, "percent_covered_display": "80.00", "missing_lines": 1, "excluded_lines": 0}, "missing_lines": [37], "excluded_lines": []}, "validate_config": {"executed_lines": [54, 60, 62, 63, 64, 66, 67], "summary": {"covered_lines": 7, "num_statements": 8, "percent_covered": 87.5, "percent_covered_display": "87.50", "missing_lines": 1, "excluded_lines": 0}, "missing_lines": [55], "excluded_lines": []}, "": {"executed_lines": [1, 2, 3, 4, 6, 7, 8, 10, 16, 24, 43], "summary": {"covered_lines": 10, "num_statements": 13, "percent_covered": 76.92307692307692, "percent_covered_display": "76.92", "missing_lines": 3, "excluded_lines": 0}, "missing_lines": [11, 12, 13], "excluded_lines": []}}, "classes": {"": {"executed_lines": [1, 2, 3, 4, 6, 7, 8, 10, 16, 19, 20, 21, 24, 34, 36, 39, 40, 43, 54, 60, 62, 63, 64, 66, 67], "summary": {"covered_lines": 24, "num_statements": 29, "percent_covered": 82.75862068965517, "percent_covered_display": "82.76", "missing_lines": 5, "excluded_lines": 0}, "missing_lines": [11, 12, 13, 37, 55], "excluded_lines": []}}}, "src/dicomweb_oauth_plugin.py": {"executed_lines": [1, 8, 9, 10, 11, 13, 14, 17, 18, 19, 21, 22, 24, 31, 32, 33, 34, 35, 36, 39, 42, 43, 45, 46, 48, 50, 52, 55, 65, 69, 70, 72, 74, 76, 77, 80, 81, 84, 85, 87, 88, 92, 96, 106, 108, 111, 121, 123, 131, 151, 152, 154, 160, 161, 169, 187, 188, 190, 191, 192, 201, 203, 204, 206, 207, 208, 209, 212, 221, 222, 224, 227, 257, 268, 269, 275, 278, 289, 290, 291, 295, 297, 298, 299, 300, 301, 302, 306, 309, 322, 324, 325, 329, 335, 373, 384, 386, 387, 388, 391, 392, 396, 399, 403, 405, 406, 407, 417, 420, 429, 432, 433, 441, 442, 443, 445, 446, 450, 451, 453, 456, 464, 467, 470, 484, 485, 487, 488, 489, 490, 491, 494, 502, 508, 511, 512, 520, 522, 530, 531, 532, 540, 542, 549, 558, 569, 570, 571, 579, 595, 598, 601, 605, 612, 613, 614, 616, 617, 618, 619, 626, 627, 630, 632, 633, 634, 636, 646, 657, 660, 661, 663, 664, 669, 670, 675, 676, 678, 684, 685, 686, 689, 700, 701, 702, 704, 708, 713, 734], "summary": {"covered_lines": 188, "num_statements": 303, "percent_covered": 62.04620462046205, "percent_covered_display": "62.05", "missing_lines": 115, "excluded_lines": 0}, "missing_lines": [16, 25, 26, 27, 28, 29, 66, 98, 99, 100, 101, 102, 103, 163, 164, 165, 166, 223, 240, 241, 242, 243, 244, 245, 246, 247, 248, 249, 250, 251, 253, 254, 270, 274, 332, 347, 349, 350, 351, 352, 353, 354, 356, 357, 359, 361, 362, 365, 366, 368, 369, 370, 434, 438, 447, 457, 461, 496, 497, 498, 499, 513, 518, 523, 528, 533, 538, 551, 552, 553, 572, 573, 574, 575, 596, 671, 672, 673, 679, 687, 691, 698, 710, 724, 726, 727, 730, 735, 736, 737, 738, 739, 742, 743, 744, 745, 746, 749, 754, 756, 757, 761, 762, 764, 771, 774, 778, 783, 786, 790, 794, 801, 807, 808, 809], "excluded_lines": [], "functions": {"initialize_plugin": {"executed_lines": [65, 69, 70, 72, 74, 76, 77, 80, 81, 84, 85, 87, 88, 92, 96], "summary": {"covered_lines": 15, "num_statements": 22, "percent_covered": 68.18181818181819, "percent_covered_display": "68.18", "missing_lines": 7, "excluded_lines": 0}, "missing_lines": [66, 98, 99, 100, 101, 102, 103], "excluded_lines": []}, "get_plugin_context": {"executed_lines": [108], "summary": {"covered_lines": 1, "num_statements": 1, "percent_covered": 100.0, "percent_covered_display": "100.00", "missing_lines": 0, "excluded_lines": 0}, "missing_lines": [], "excluded_lines": []}, "create_api_response": {"executed_lines": [121, 123], "summary": {"covered_lines": 2, "num_statements": 2, "percent_covered": 100.0, "percent_covered_display": "100.00", "missing_lines": 0, "excluded_lines": 0}, "missing_lines": [], "excluded_lines": []}, "handle_rest_api_status": {"executed_lines": [151, 152, 154, 160, 161], "summary": {"covered_lines": 5, "num_statements": 9, "percent_covered": 55.55555555555556, "percent_covered_display": "55.56", "missing_lines": 4, "excluded_lines": 0}, "missing_lines": [163, 164, 165, 166], "excluded_lines": []}, "handle_rest_api_servers": {"executed_lines": [187, 188, 190, 191, 192, 201, 203, 204, 206, 207, 208, 209], "summary": {"covered_lines": 12, "num_statements": 12, "percent_covered": 100.0, "percent_covered_display": "100.00", "missing_lines": 0, "excluded_lines": 0}, "missing_lines": [], "excluded_lines": []}, "_extract_server_name": {"executed_lines": [221, 222, 224], "summary": {"covered_lines": 3, "num_statements": 4, "percent_covered": 75.0, "percent_covered_display": "75.00", "missing_lines": 1, "excluded_lines": 0}, "missing_lines": [223], "excluded_lines": []}, "_build_multipart_from_resources": {"executed_lines": [], "summary": {"covered_lines": 0, "num_statements": 14, "percent_covered": 0.0, "percent_covered_display": "0.00", "missing_lines": 14, "excluded_lines": 0}, "missing_lines": [240, 241, 242, 243, 244, 245, 246, 247, 248, 249, 250, 251, 253, 254], "excluded_lines": []}, "_get_stow_url": {"executed_lines": [268, 269, 275], "summary": {"covered_lines": 3, "num_statements": 5, "percent_covered": 60.0, "percent_covered_display": "60.00", "missing_lines": 2, "excluded_lines": 0}, "missing_lines": [270, 274], "excluded_lines": []}, "_get_oauth_token": {"executed_lines": [289, 290, 291, 295, 297, 298, 299, 300, 301, 302, 306], "summary": {"covered_lines": 11, "num_statements": 11, "percent_covered": 100.0, "percent_covered_display": "100.00", "missing_lines": 0, "excluded_lines": 0}, "missing_lines": [], "excluded_lines": []}, "_prepare_request_body_and_headers": {"executed_lines": [322, 324, 325, 329], "summary": {"covered_lines": 4, "num_statements": 5, "percent_covered": 80.0, "percent_covered_display": "80.00", "missing_lines": 1, "excluded_lines": 0}, "missing_lines": [332], "excluded_lines": []}, "_prepare_json_request": {"executed_lines": [], "summary": {"covered_lines": 0, "num_statements": 17, "percent_covered": 0.0, "percent_covered_display": "0.00", "missing_lines": 17, "excluded_lines": 0}, "missing_lines": [347, 349, 350, 351, 352, 353, 354, 356, 357, 359, 361, 362, 365, 366, 368, 369, 370], "excluded_lines": []}, "_send_dicom_to_server": {"executed_lines": [384, 386, 387, 388, 391, 392, 396, 399, 403, 405, 406, 407, 417], "summary": {"covered_lines": 13, "num_statements": 13, "percent_covered": 100.0, "percent_covered_display": "100.00", "missing_lines": 0, "excluded_lines": 0}, "missing_lines": [], "excluded_lines": []}, "_process_stow_request": {"executed_lines": [429, 432, 433, 441, 442, 443, 445, 446, 450, 451, 453, 456, 464, 467], "summary": {"covered_lines": 14, "num_statements": 19, "percent_covered": 73.6842105263158, "percent_covered_display": "73.68", "missing_lines": 5, "excluded_lines": 0}, "missing_lines": [434, 438, 447, 457, 461], "excluded_lines": []}, "handle_rest_api_stow": {"executed_lines": [484, 485, 487, 488, 489, 490, 491, 494], "summary": {"covered_lines": 8, "num_statements": 12, "percent_covered": 66.66666666666667, "percent_covered_display": "66.67", "missing_lines": 4, "excluded_lines": 0}, "missing_lines": [496, 497, 498, 499], "excluded_lines": []}, "handle_rest_api_test_server": {"executed_lines": [508, 511, 512, 520, 522, 530, 531, 532, 540, 542, 549], "summary": {"covered_lines": 11, "num_statements": 20, "percent_covered": 55.0, "percent_covered_display": "55.00", "missing_lines": 9, "excluded_lines": 0}, "missing_lines": [513, 518, 523, 528, 533, 538, 551, 552, 553], "excluded_lines": []}, "metrics_endpoint": {"executed_lines": [569, 570, 571], "summary": {"covered_lines": 3, "num_statements": 7, "percent_covered": 42.857142857142854, "percent_covered_display": "42.86", "missing_lines": 4, "excluded_lines": 0}, "missing_lines": [572, 573, 574, 575], "excluded_lines": []}, "create_flask_app": {"executed_lines": [595, 598, 601, 605, 612, 613, 614, 616, 617, 618, 619, 626, 627, 660, 661, 675, 676, 704], "summary": {"covered_lines": 18, "num_statements": 19, "percent_covered": 94.73684210526316, "percent_covered_display": "94.74", "missing_lines": 1, "excluded_lines": 0}, "missing_lines": [596], "excluded_lines": []}, "create_flask_app.check_rate_limit": {"executed_lines": [630, 632, 633, 634, 636, 646, 657], "summary": {"covered_lines": 7, "num_statements": 7, "percent_covered": 100.0, "percent_covered_display": "100.00", "missing_lines": 0, "excluded_lines": 0}, "missing_lines": [], "excluded_lines": []}, "create_flask_app.handle_status": {"executed_lines": [663, 664, 669, 670], "summary": {"covered_lines": 4, "num_statements": 7, "percent_covered": 57.142857142857146, "percent_covered_display": "57.14", "missing_lines": 3, "excluded_lines": 0}, "missing_lines": [671, 672, 673], "excluded_lines": []}, "create_flask_app.handle_test": {"executed_lines": [678, 684, 685, 686, 689, 700, 701, 702], "summary": {"covered_lines": 8, "num_statements": 12, "percent_covered": 66.66666666666667, "percent_covered_display": "66.67", "missing_lines": 4, "excluded_lines": 0}, "missing_lines": [679, 687, 691, 698], "excluded_lines": []}, "OnChange": {"executed_lines": [], "summary": {"covered_lines": 0, "num_statements": 1, "percent_covered": 0.0, "percent_covered_display": "0.00", "missing_lines": 1, "excluded_lines": 0}, "missing_lines": [710], "excluded_lines": []}, "OnIncomingHttpRequest": {"executed_lines": [], "summary": {"covered_lines": 0, "num_statements": 4, "percent_covered": 0.0, "percent_covered_display": "0.00", "missing_lines": 4, "excluded_lines": 0}, "missing_lines": [724, 726, 727, 730], "excluded_lines": []}, "test_handler": {"executed_lines": [], "summary": {"covered_lines": 0, "num_statements": 2, "percent_covered": 0.0, "percent_covered_display": "0.00", "missing_lines": 2, "excluded_lines": 0}, "missing_lines": [756, 757], "excluded_lines": []}, "": {"executed_lines": [1, 8, 9, 10, 11, 13, 14, 17, 18, 19, 21, 22, 24, 31, 32, 33, 34, 35, 36, 39, 42, 43, 45, 46, 48, 50, 52, 55, 106, 111, 131, 169, 212, 227, 257, 278, 309, 335, 373, 420, 470, 502, 558, 579, 708, 713, 734], "summary": {"covered_lines": 46, "num_statements": 78, "percent_covered": 58.97435897435897, "percent_covered_display": "58.97", "missing_lines": 32, "excluded_lines": 0}, "missing_lines": [16, 25, 26, 27, 28, 29, 735, 736, 737, 738, 739, 742, 743, 744, 745, 746, 749, 754, 761, 762, 764, 771, 774, 778, 783, 786, 790, 794, 801, 807, 808, 809], "excluded_lines": []}}, "classes": {"": {"executed_lines": [1, 8, 9, 10, 11, 13, 14, 17, 18, 19, 21, 22, 24, 31, 32, 33, 34, 35, 36, 39, 42, 43, 45, 46, 48, 50, 52, 55, 65, 69, 70, 72, 74, 76, 77, 80, 81, 84, 85, 87, 88, 92, 96, 106, 108, 111, 121, 123, 131, 151, 152, 154, 160, 161, 169, 187, 188, 190, 191, 192, 201, 203, 204, 206, 207, 208, 209, 212, 221, 222, 224, 227, 257, 268, 269, 275, 278, 289, 290, 291, 295, 297, 298, 299, 300, 301, 302, 306, 309, 322, 324, 325, 329, 335, 373, 384, 386, 387, 388, 391, 392, 396, 399, 403, 405, 406, 407, 417, 420, 429, 432, 433, 441, 442, 443, 445, 446, 450, 451, 453, 456, 464, 467, 470, 484, 485, 487, 488, 489, 490, 491, 494, 502, 508, 511, 512, 520, 522, 530, 531, 532, 540, 542, 549, 558, 569, 570, 571, 579, 595, 598, 601, 605, 612, 613, 614, 616, 617, 618, 619, 626, 627, 630, 632, 633, 634, 636, 646, 657, 660, 661, 663, 664, 669, 670, 675, 676, 678, 684, 685, 686, 689, 700, 701, 702, 704, 708, 713, 734], "summary": {"covered_lines": 188, "num_statements": 303, "percent_covered": 62.04620462046205, "percent_covered_display": "62.05", "missing_lines": 115, "excluded_lines": 0}, "missing_lines": [16, 25, 26, 27, 28, 29, 66, 98, 99, 100, 101, 102, 103, 163, 164, 165, 166, 223, 240, 241, 242, 243, 244, 245, 246, 247, 248, 249, 250, 251, 253, 254, 270, 274, 332, 347, 349, 350, 351, 352, 353, 354, 356, 357, 359, 361, 362, 365, 366, 368, 369, 370, 434, 438, 447, 457, 461, 496, 497, 498, 499, 513, 518, 523, 528, 533, 538, 551, 552, 553, 572, 573, 574, 575, 596, 671, 672, 673, 679, 687, 691, 698, 710, 724, 726, 727, 730, 735, 736, 737, 738, 739, 742, 743, 744, 745, 746, 749, 754, 756, 757, 761, 762, 764, 771, 774, 778, 783, 786, 790, 794, 801, 807, 808, 809], "excluded_lines": []}}}, "src/error_codes.py": {"executed_lines": [1, 2, 3, 4, 7, 8, 10, 11, 12, 13, 14, 17, 18, 20, 21, 22, 23, 26, 27, 28, 30, 31, 32, 33, 34, 35, 36, 39, 40, 43, 63, 83, 101, 119, 135, 151, 168, 185, 203, 221, 239, 261, 279, 296, 315, 329, 330, 332, 334, 335, 337, 339, 340, 342, 344, 345, 347, 349, 350, 354, 355, 357, 359, 360, 362, 365, 366, 368, 384, 385, 386, 387, 388, 389, 390, 391, 393, 395, 407, 408, 410, 413, 414, 416, 419, 420, 422, 425, 426, 428, 431, 432, 434], "summary": {"covered_lines": 75, "num_statements": 76, "percent_covered": 98.6842105263158, "percent_covered_display": "98.68", "missing_lines": 1, "excluded_lines": 0}, "missing_lines": [352], "excluded_lines": [], "functions": {"ErrorCode.code": {"executed_lines": [332], "summary": {"covered_lines": 1, "num_statements": 1, "percent_covered": 100.0, "percent_covered_display": "100.00", "missing_lines": 0, "excluded_lines": 0}, "missing_lines": [], "excluded_lines": []}, "ErrorCode.category": {"executed_lines": [337], "summary": {"covered_lines": 1, "num_statements": 1, "percent_covered": 100.0, "percent_covered_display": "100.00", "missing_lines": 0, "excluded_lines": 0}, "missing_lines": [], "excluded_lines": []}, "ErrorCode.severity": {"executed_lines": [342], "summary": {"covered_lines": 1, "num_statements": 1, "percent_covered": 100.0, "percent_covered_display": "100.00", "missing_lines": 0, "excluded_lines": 0}, "missing_lines": [], "excluded_lines": []}, "ErrorCode.http_status": {"executed_lines": [347], "summary": {"covered_lines": 1, "num_statements": 1, "percent_covered": 100.0, "percent_covered_display": "100.00", "missing_lines": 0, "excluded_lines": 0}, "missing_lines": [], "excluded_lines": []}, "ErrorCode.description": {"executed_lines": [], "summary": {"covered_lines": 0, "num_statements": 1, "percent_covered": 0.0, "percent_covered_display": "0.00", "missing_lines": 1, "excluded_lines": 0}, "missing_lines": [352], "excluded_lines": []}, "ErrorCode.troubleshooting": {"executed_lines": [357], "summary": {"covered_lines": 1, "num_statements": 1, "percent_covered": 100.0, "percent_covered_display": "100.00", "missing_lines": 0, "excluded_lines": 0}, "missing_lines": [], "excluded_lines": []}, "ErrorCode.documentation_url": {"executed_lines": [362], "summary": {"covered_lines": 1, "num_statements": 1, "percent_covered": 100.0, "percent_covered_display": "100.00", "missing_lines": 0, "excluded_lines": 0}, "missing_lines": [], "excluded_lines": []}, "PluginError.__init__": {"executed_lines": [384, 385, 386, 387, 388, 389, 390, 391], "summary": {"covered_lines": 8, "num_statements": 8, "percent_covered": 100.0, "percent_covered_display": "100.00", "missing_lines": 0, "excluded_lines": 0}, "missing_lines": [], "excluded_lines": []}, "PluginError.to_dict": {"executed_lines": [395], "summary": {"covered_lines": 1, "num_statements": 1, "percent_covered": 100.0, "percent_covered_display": "100.00", "missing_lines": 0, "excluded_lines": 0}, "missing_lines": [], "excluded_lines": []}, "": {"executed_lines": [1, 2, 3, 4, 7, 8, 10, 11, 12, 13, 14, 17, 18, 20, 21, 22, 23, 26, 27, 28, 30, 31, 32, 33, 34, 35, 36, 39, 40, 43, 63, 83, 101, 119, 135, 151, 168, 185, 203, 221, 239, 261, 279, 296, 315, 329, 330, 334, 335, 339, 340, 344, 345, 349, 350, 354, 355, 359, 360, 365, 366, 368, 393, 407, 408, 410, 413, 414, 416, 419, 420, 422, 425, 426, 428, 431, 432, 434], "summary": {"covered_lines": 60, "num_statements": 60, "percent_covered": 100.0, "percent_covered_display": "100.00", "missing_lines": 0, "excluded_lines": 0}, "missing_lines": [], "excluded_lines": []}}, "classes": {"ErrorCategory": {"executed_lines": [], "summary": {"covered_lines": 0, "num_statements": 0, "percent_covered": 100.0, "percent_covered_display": "100.00", "missing_lines": 0, "excluded_lines": 0}, "missing_lines": [], "excluded_lines": []}, "ErrorSeverity": {"executed_lines": [], "summary": {"covered_lines": 0, "num_statements": 0, "percent_covered": 100.0, "percent_covered_display": "100.00", "missing_lines": 0, "excluded_lines": 0}, "missing_lines": [], "excluded_lines": []}, "ErrorCodeInfo": {"executed_lines": [], "summary": {"covered_lines": 0, "num_statements": 0, "percent_covered": 100.0, "percent_covered_display": "100.00", "missing_lines": 0, "excluded_lines": 0}, "missing_lines": [], "excluded_lines": []}, "ErrorCode": {"executed_lines": [332, 337, 342, 347, 357, 362], "summary": {"covered_lines": 6, "num_statements": 7, "percent_covered": 85.71428571428571, "percent_covered_display": "85.71", "missing_lines": 1, "excluded_lines": 0}, "missing_lines": [352], "excluded_lines": []}, "PluginError": {"executed_lines": [384, 385, 386, 387, 388, 389, 390, 391, 395], "summary": {"covered_lines": 9, "num_statements": 9, "percent_covered": 100.0, "percent_covered_display": "100.00", "missing_lines": 0, "excluded_lines": 0}, "missing_lines": [], "excluded_lines": []}, "ConfigurationError": {"executed_lines": [], "summary": {"covered_lines": 0, "num_statements": 0, "percent_covered": 100.0, "percent_covered_display": "100.00", "missing_lines": 0, "excluded_lines": 0}, "missing_lines": [], "excluded_lines": []}, "TokenAcquisitionError": {"executed_lines": [], "summary": {"covered_lines": 0, "num_statements": 0, "percent_covered": 100.0, "percent_covered_display": "100.00", "missing_lines": 0, "excluded_lines": 0}, "missing_lines": [], "excluded_lines": []}, "NetworkError": {"executed_lines": [], "summary": {"covered_lines": 0, "num_statements": 0, "percent_covered": 100.0, "percent_covered_display": "100.00", "missing_lines": 0, "excluded_lines": 0}, "missing_lines": [], "excluded_lines": []}, "AuthorizationError": {"executed_lines": [], "summary": {"covered_lines": 0, "num_statements": 0, "percent_covered": 100.0, "percent_covered_display": "100.00", "missing_lines": 0, "excluded_lines": 0}, "missing_lines": [], "excluded_lines": []}, "InternalError": {"executed_lines": [], "summary": {"covered_lines": 0, "num_statements": 0, "percent_covered": 100.0, "percent_covered_display": "100.00", "missing_lines": 0, "excluded_lines": 0}, "missing_lines": [], "excluded_lines": []}, "": {"executed_lines": [1, 2, 3, 4, 7, 8, 10, 11, 12, 13, 14, 17, 18, 20, 21, 22, 23, 26, 27, 28, 30, 31, 32, 33, 34, 35, 36, 39, 40, 43, 63, 83, 101, 119, 135, 151, 168, 185, 203, 221, 239, 261, 279, 296, 315, 329, 330, 334, 335, 339, 340, 344, 345, 349, 350, 354, 355, 359, 360, 365, 366, 368, 393, 407, 408, 410, 413, 414, 416, 419, 420, 422, 425, 426, 428, 431, 432, 434], "summary": {"covered_lines": 60, "num_statements": 60, "percent_covered": 100.0, "percent_covered_display": "100.00", "missing_lines": 0, "excluded_lines": 0}, "missing_lines": [], "excluded_lines": []}}}, "src/http_client.py": {"executed_lines": [1, 2, 3, 4, 6, 9, 10, 11, 13, 14, 15, 16, 18, 19, 20, 23, 24, 30, 31, 61, 62, 89, 90, 92, 99, 101, 111, 119, 121, 128, 136, 139, 141], "summary": {"covered_lines": 28, "num_statements": 30, "percent_covered": 93.33333333333333, "percent_covered_display": "93.33", "missing_lines": 2, "excluded_lines": 0}, "missing_lines": [59, 86], "excluded_lines": [], "functions": {"HttpResponse.__post_init__": {"executed_lines": [19, 20], "summary": {"covered_lines": 2, "num_statements": 2, "percent_covered": 100.0, "percent_covered_display": "100.00", "missing_lines": 0, "excluded_lines": 0}, "missing_lines": [], "excluded_lines": []}, "HttpClient.post": {"executed_lines": [], "summary": {"covered_lines": 0, "num_statements": 1, "percent_covered": 0.0, "percent_covered_display": "0.00", "missing_lines": 1, "excluded_lines": 0}, "missing_lines": [59], "excluded_lines": []}, "HttpClient.get": {"executed_lines": [], "summary": {"covered_lines": 0, "num_statements": 1, "percent_covered": 0.0, "percent_covered_display": "0.00", "missing_lines": 1, "excluded_lines": 0}, "missing_lines": [86], "excluded_lines": []}, "RequestsHttpClient.__init__": {"executed_lines": [99], "summary": {"covered_lines": 1, "num_statements": 1, "percent_covered": 100.0, "percent_covered_display": "100.00", "missing_lines": 0, "excluded_lines": 0}, "missing_lines": [], "excluded_lines": []}, "RequestsHttpClient.post": {"executed_lines": [111, 119, 121], "summary": {"covered_lines": 3, "num_statements": 3, "percent_covered": 100.0, "percent_covered_display": "100.00", "missing_lines": 0, "excluded_lines": 0}, "missing_lines": [], "excluded_lines": []}, "RequestsHttpClient.get": {"executed_lines": [136, 139, 141], "summary": {"covered_lines": 3, "num_statements": 3, "percent_covered": 100.0, "percent_covered_display": "100.00", "missing_lines": 0, "excluded_lines": 0}, "missing_lines": [], "excluded_lines": []}, "": {"executed_lines": [1, 2, 3, 4, 6, 9, 10, 11, 13, 14, 15, 16, 18, 23, 24, 30, 31, 61, 62, 89, 90, 92, 101, 128], "summary": {"covered_lines": 19, "num_statements": 19, "percent_covered": 100.0, "percent_covered_display": "100.00", "missing_lines": 0, "excluded_lines": 0}, "missing_lines": [], "excluded_lines": []}}, "classes": {"HttpResponse": {"executed_lines": [19, 20], "summary": {"covered_lines": 2, "num_statements": 2, "percent_covered": 100.0, "percent_covered_display": "100.00", "missing_lines": 0, "excluded_lines": 0}, "missing_lines": [], "excluded_lines": []}, "HttpClient": {"executed_lines": [], "summary": {"covered_lines": 0, "num_statements": 2, "percent_covered": 0.0, "percent_covered_display": "0.00", "missing_lines": 2, "excluded_lines": 0}, "missing_lines": [59, 86], "excluded_lines": []}, "RequestsHttpClient": {"executed_lines": [99, 111, 119, 121, 136, 139, 141], "summary": {"covered_lines": 7, "num_statements": 7, "percent_covered": 100.0, "percent_covered_display": "100.00", "missing_lines": 0, "excluded_lines": 0}, "missing_lines": [], "excluded_lines": []}, "": {"executed_lines": [1, 2, 3, 4, 6, 9, 10, 11, 13, 14, 15, 16, 18, 23, 24, 30, 31, 61, 62, 89, 90, 92, 101, 128], "summary": {"covered_lines": 19, "num_statements": 19, "percent_covered": 100.0, "percent_covered_display": "100.00", "missing_lines": 0, "excluded_lines": 0}, "missing_lines": [], "excluded_lines": []}}}, "src/jwt_validator.py": {"executed_lines": [1, 2, 4, 5, 7, 10, 11, 31, 47, 48, 49, 50, 53, 55, 65, 67, 70, 73, 75, 90, 98, 100, 101, 107], "summary": {"covered_lines": 22, "num_statements": 26, "percent_covered": 84.61538461538461, "percent_covered_display": "84.62", "missing_lines": 4, "excluded_lines": 0}, "missing_lines": [71, 109, 110, 116], "excluded_lines": [], "functions": {"JWTValidator.__init__": {"executed_lines": [47, 48, 49, 50, 53], "summary": {"covered_lines": 5, "num_statements": 5, "percent_covered": 100.0, "percent_covered_display": "100.00", "missing_lines": 0, "excluded_lines": 0}, "missing_lines": [], "excluded_lines": []}, "JWTValidator.validate": {"executed_lines": [65, 67, 70, 73, 75, 90, 98, 100, 101, 107], "summary": {"covered_lines": 10, "num_statements": 14, "percent_covered": 71.42857142857143, "percent_covered_display": "71.43", "missing_lines": 4, "excluded_lines": 0}, "missing_lines": [71, 109, 110, 116], "excluded_lines": []}, "": {"executed_lines": [1, 2, 4, 5, 7, 10, 11, 31, 55], "summary": {"covered_lines": 7, "num_statements": 7, "percent_covered": 100.0, "percent_covered_display": "100.00", "missing_lines": 0, "excluded_lines": 0}, "missing_lines": [], "excluded_lines": []}}, "classes": {"JWTValidator": {"executed_lines": [47, 48, 49, 50, 53, 65, 67, 70, 73, 75, 90, 98, 100, 101, 107], "summary": {"covered_lines": 15, "num_statements": 19, "percent_covered": 78.94736842105263, "percent_covered_display": "78.95", "missing_lines": 4, "excluded_lines": 0}, "missing_lines": [71, 109, 110, 116], "excluded_lines": []}, "": {"executed_lines": [1, 2, 4, 5, 7, 10, 11, 31, 55], "summary": {"covered_lines": 7, "num_statements": 7, "percent_covered": 100.0, "percent_covered_display": "100.00", "missing_lines": 0, "excluded_lines": 0}, "missing_lines": [], "excluded_lines": []}}}, "src/metrics/__init__.py": {"executed_lines": [1, 2, 4], "summary": {"covered_lines": 2, "num_statements": 2, "percent_covered": 100.0, "percent_covered_display": "100.00", "missing_lines": 0, "excluded_lines": 0}, "missing_lines": [], "excluded_lines": [], "functions": {"": {"executed_lines": [1, 2, 4], "summary": {"covered_lines": 2, "num_statements": 2, "percent_covered": 100.0, "percent_covered_display": "100.00", "missing_lines": 0, "excluded_lines": 0}, "missing_lines": [], "excluded_lines": []}}, "classes": {"": {"executed_lines": [1, 2, 4], "summary": {"covered_lines": 2, "num_statements": 2, "percent_covered": 100.0, "percent_covered_display": "100.00", "missing_lines": 0, "excluded_lines": 0}, "missing_lines": [], "excluded_lines": []}}}, "src/metrics/prometheus.py": {"executed_lines": [1, 2, 3, 5, 15, 18, 20, 23, 24, 30, 31, 33, 37, 38, 40, 41, 42, 43, 44, 45, 46, 48, 50, 53, 60, 68, 75, 83, 90, 98, 106, 113, 121, 128, 132, 133, 134, 136, 138, 140, 142, 144, 146, 147, 149, 151, 153, 157, 159, 163, 166, 170, 172, 177, 184, 185, 188, 191, 192], "summary": {"covered_lines": 57, "num_statements": 58, "percent_covered": 98.27586206896552, "percent_covered_display": "98.28", "missing_lines": 1, "excluded_lines": 0}, "missing_lines": [35], "excluded_lines": [], "functions": {"_get_registry": {"executed_lines": [20], "summary": {"covered_lines": 1, "num_statements": 1, "percent_covered": 100.0, "percent_covered_display": "100.00", "missing_lines": 0, "excluded_lines": 0}, "missing_lines": [], "excluded_lines": []}, "MetricsCollector.__new__": {"executed_lines": [], "summary": {"covered_lines": 0, "num_statements": 1, "percent_covered": 0.0, "percent_covered_display": "0.00", "missing_lines": 1, "excluded_lines": 0}, "missing_lines": [35], "excluded_lines": []}, "MetricsCollector.get_instance": {"executed_lines": [40, 41, 42, 43, 44, 45, 46], "summary": {"covered_lines": 7, "num_statements": 7, "percent_covered": 100.0, "percent_covered_display": "100.00", "missing_lines": 0, "excluded_lines": 0}, "missing_lines": [], "excluded_lines": []}, "MetricsCollector._initialize": {"executed_lines": [50, 53, 60, 68, 75, 83, 90, 98, 106, 113, 121], "summary": {"covered_lines": 11, "num_statements": 11, "percent_covered": 100.0, "percent_covered_display": "100.00", "missing_lines": 0, "excluded_lines": 0}, "missing_lines": [], "excluded_lines": []}, "MetricsCollector.record_token_acquisition": {"executed_lines": [132, 133, 134], "summary": {"covered_lines": 3, "num_statements": 3, "percent_covered": 100.0, "percent_covered_display": "100.00", "missing_lines": 0, "excluded_lines": 0}, "missing_lines": [], "excluded_lines": []}, "MetricsCollector.record_cache_hit": {"executed_lines": [138], "summary": {"covered_lines": 1, "num_statements": 1, "percent_covered": 100.0, "percent_covered_display": "100.00", "missing_lines": 0, "excluded_lines": 0}, "missing_lines": [], "excluded_lines": []}, "MetricsCollector.record_cache_miss": {"executed_lines": [142], "summary": {"covered_lines": 1, "num_statements": 1, "percent_covered": 100.0, "percent_covered_display": "100.00", "missing_lines": 0, "excluded_lines": 0}, "missing_lines": [], "excluded_lines": []}, "MetricsCollector.set_circuit_breaker_state": {"executed_lines": [146, 147], "summary": {"covered_lines": 2, "num_statements": 2, "percent_covered": 100.0, "percent_covered_display": "100.00", "missing_lines": 0, "excluded_lines": 0}, "missing_lines": [], "excluded_lines": []}, "MetricsCollector.record_circuit_breaker_rejection": {"executed_lines": [151], "summary": {"covered_lines": 1, "num_statements": 1, "percent_covered": 100.0, "percent_covered_display": "100.00", "missing_lines": 0, "excluded_lines": 0}, "missing_lines": [], "excluded_lines": []}, "MetricsCollector.record_retry_attempt": {"executed_lines": [157], "summary": {"covered_lines": 1, "num_statements": 1, "percent_covered": 100.0, "percent_covered_display": "100.00", "missing_lines": 0, "excluded_lines": 0}, "missing_lines": [], "excluded_lines": []}, "MetricsCollector.record_http_request": {"executed_lines": [163, 166], "summary": {"covered_lines": 2, "num_statements": 2, "percent_covered": 100.0, "percent_covered_display": "100.00", "missing_lines": 0, "excluded_lines": 0}, "missing_lines": [], "excluded_lines": []}, "MetricsCollector.record_error": {"executed_lines": [172], "summary": {"covered_lines": 1, "num_statements": 1, "percent_covered": 100.0, "percent_covered_display": "100.00", "missing_lines": 0, "excluded_lines": 0}, "missing_lines": [], "excluded_lines": []}, "get_metrics_text": {"executed_lines": [184, 185], "summary": {"covered_lines": 2, "num_statements": 2, "percent_covered": 100.0, "percent_covered_display": "100.00", "missing_lines": 0, "excluded_lines": 0}, "missing_lines": [], "excluded_lines": []}, "reset_metrics": {"executed_lines": [191, 192], "summary": {"covered_lines": 2, "num_statements": 2, "percent_covered": 100.0, "percent_covered_display": "100.00", "missing_lines": 0, "excluded_lines": 0}, "missing_lines": [], "excluded_lines": []}, "": {"executed_lines": [1, 2, 3, 5, 15, 18, 23, 24, 30, 31, 33, 37, 38, 48, 128, 136, 140, 144, 149, 153, 159, 170, 177, 188], "summary": {"covered_lines": 22, "num_statements": 22, "percent_covered": 100.0, "percent_covered_display": "100.00", "missing_lines": 0, "excluded_lines": 0}, "missing_lines": [], "excluded_lines": []}}, "classes": {"MetricsCollector": {"executed_lines": [40, 41, 42, 43, 44, 45, 46, 50, 53, 60, 68, 75, 83, 90, 98, 106, 113, 121, 132, 133, 134, 138, 142, 146, 147, 151, 157, 163, 166, 172], "summary": {"covered_lines": 30, "num_statements": 31, "percent_covered": 96.7741935483871, "percent_covered_display": "96.77", "missing_lines": 1, "excluded_lines": 0}, "missing_lines": [35], "excluded_lines": []}, "": {"executed_lines": [1, 2, 3, 5, 15, 18, 20, 23, 24, 30, 31, 33, 37, 38, 48, 128, 136, 140, 144, 149, 153, 159, 170, 177, 184, 185, 188, 191, 192], "summary": {"covered_lines": 27, "num_statements": 27, "percent_covered": 100.0, "percent_covered_display": "100.00", "missing_lines": 0, "excluded_lines": 0}, "missing_lines": [], "excluded_lines": []}}}, "src/oauth_providers/__init__.py": {"executed_lines": [1, 3, 4, 6], "summary": {"covered_lines": 3, "num_statements": 3, "percent_covered": 100.0, "percent_covered_display": "100.00", "missing_lines": 0, "excluded_lines": 0}, "missing_lines": [], "excluded_lines": [], "functions": {"": {"executed_lines": [1, 3, 4, 6], "summary": {"covered_lines": 3, "num_statements": 3, "percent_covered": 100.0, "percent_covered_display": "100.00", "missing_lines": 0, "excluded_lines": 0}, "missing_lines": [], "excluded_lines": []}}, "classes": {"": {"executed_lines": [1, 3, 4, 6], "summary": {"covered_lines": 3, "num_statements": 3, "percent_covered": 100.0, "percent_covered_display": "100.00", "missing_lines": 0, "excluded_lines": 0}, "missing_lines": [], "excluded_lines": []}}}, "src/oauth_providers/aws.py": {"executed_lines": [1, 3, 5, 6, 7, 8, 11, 12, 19, 21, 23, 25, 26, 27, 28, 30, 35], "summary": {"covered_lines": 15, "num_statements": 27, "percent_covered": 55.55555555555556, "percent_covered_display": "55.56", "missing_lines": 12, "excluded_lines": 0}, "missing_lines": [31, 41, 43, 46, 48, 49, 51, 52, 55, 56, 57, 58], "excluded_lines": [], "functions": {"AWSProvider.__init__": {"executed_lines": [23, 25, 26, 27, 28, 30], "summary": {"covered_lines": 6, "num_statements": 7, "percent_covered": 85.71428571428571, "percent_covered_display": "85.71", "missing_lines": 1, "excluded_lines": 0}, "missing_lines": [31], "excluded_lines": []}, "AWSProvider.acquire_token": {"executed_lines": [], "summary": {"covered_lines": 0, "num_statements": 11, "percent_covered": 0.0, "percent_covered_display": "0.00", "missing_lines": 11, "excluded_lines": 0}, "missing_lines": [41, 43, 46, 48, 49, 51, 52, 55, 56, 57, 58], "excluded_lines": []}, "": {"executed_lines": [1, 3, 5, 6, 7, 8, 11, 12, 19, 21, 35], "summary": {"covered_lines": 9, "num_statements": 9, "percent_covered": 100.0, "percent_covered_display": "100.00", "missing_lines": 0, "excluded_lines": 0}, "missing_lines": [], "excluded_lines": []}}, "classes": {"AWSProvider": {"executed_lines": [23, 25, 26, 27, 28, 30], "summary": {"covered_lines": 6, "num_statements": 18, "percent_covered": 33.333333333333336, "percent_covered_display": "33.33", "missing_lines": 12, "excluded_lines": 0}, "missing_lines": [31, 41, 43, 46, 48, 49, 51, 52, 55, 56, 57, 58], "excluded_lines": []}, "": {"executed_lines": [1, 3, 5, 6, 7, 8, 11, 12, 19, 21, 35], "summary": {"covered_lines": 9, "num_statements": 9, "percent_covered": 100.0, "percent_covered_display": "100.00", "missing_lines": 0, "excluded_lines": 0}, "missing_lines": [], "excluded_lines": []}}}, "src/oauth_providers/azure.py": {"executed_lines": [1, 2, 4, 5, 6, 7, 9, 13, 14, 23, 38, 51, 52, 55, 57, 58, 61, 64, 85, 87, 88, 89, 91], "summary": {"covered_lines": 20, "num_statements": 29, "percent_covered": 68.96551724137932, "percent_covered_display": "68.97", "missing_lines": 9, "excluded_lines": 2}, "missing_lines": [39, 43, 65, 66, 67, 69, 76, 77, 96], "excluded_lines": [9, 10], "functions": {"AzureOAuthProvider.__init__": {"executed_lines": [38, 51, 52, 55, 57, 58, 61, 64, 85], "summary": {"covered_lines": 9, "num_statements": 17, "percent_covered": 52.94117647058823, "percent_covered_display": "52.94", "missing_lines": 8, "excluded_lines": 0}, "missing_lines": [39, 43, 65, 66, 67, 69, 76, 77], "excluded_lines": []}, "AzureOAuthProvider.provider_name": {"executed_lines": [89], "summary": {"covered_lines": 1, "num_statements": 1, "percent_covered": 100.0, "percent_covered_display": "100.00", "missing_lines": 0, "excluded_lines": 0}, "missing_lines": [], "excluded_lines": []}, "AzureOAuthProvider.validate_token": {"executed_lines": [], "summary": {"covered_lines": 0, "num_statements": 1, "percent_covered": 0.0, "percent_covered_display": "0.00", "missing_lines": 1, "excluded_lines": 0}, "missing_lines": [96], "excluded_lines": []}, "": {"executed_lines": [1, 2, 4, 5, 6, 7, 9, 13, 14, 23, 87, 88, 91], "summary": {"covered_lines": 10, "num_statements": 10, "percent_covered": 100.0, "percent_covered_display": "100.00", "missing_lines": 0, "excluded_lines": 2}, "missing_lines": [], "excluded_lines": [9, 10]}}, "classes": {"AzureOAuthProvider": {"executed_lines": [38, 51, 52, 55, 57, 58, 61, 64, 85, 89], "summary": {"covered_lines": 10, "num_statements": 19, "percent_covered": 52.63157894736842, "percent_covered_display": "52.63", "missing_lines": 9, "excluded_lines": 0}, "missing_lines": [39, 43, 65, 66, 67, 69, 76, 77, 96], "excluded_lines": []}, "": {"executed_lines": [1, 2, 4, 5, 6, 7, 9, 13, 14, 23, 87, 88, 91], "summary": {"covered_lines": 10, "num_statements": 10, "percent_covered": 100.0, "percent_covered_display": "100.00", "missing_lines": 0, "excluded_lines": 2}, "missing_lines": [], "excluded_lines": [9, 10]}}}, "src/oauth_providers/base.py": {"executed_lines": [1, 2, 3, 4, 6, 8, 12, 15, 16, 17, 19, 20, 21, 22, 23, 26, 27, 28, 30, 31, 32, 33, 34, 37, 38, 45, 53, 54, 56, 57, 59, 60, 62, 63, 65, 66, 78, 92, 93, 94, 97, 99, 100, 115, 116, 117], "summary": {"covered_lines": 36, "num_statements": 39, "percent_covered": 92.3076923076923, "percent_covered_display": "92.31", "missing_lines": 3, "excluded_lines": 2}, "missing_lines": [76, 113, 119], "excluded_lines": [8, 9], "functions": {"OAuthProvider.__init__": {"executed_lines": [53, 54], "summary": {"covered_lines": 2, "num_statements": 2, "percent_covered": 100.0, "percent_covered_display": "100.00", "missing_lines": 0, "excluded_lines": 0}, "missing_lines": [], "excluded_lines": []}, "OAuthProvider.http_client": {"executed_lines": [59, 60, 62, 63], "summary": {"covered_lines": 4, "num_statements": 4, "percent_covered": 100.0, "percent_covered_display": "100.00", "missing_lines": 0, "excluded_lines": 0}, "missing_lines": [], "excluded_lines": []}, "OAuthProvider.acquire_token": {"executed_lines": [], "summary": {"covered_lines": 0, "num_statements": 1, "percent_covered": 0.0, "percent_covered_display": "0.00", "missing_lines": 1, "excluded_lines": 0}, "missing_lines": [76], "excluded_lines": []}, "OAuthProvider.validate_token": {"executed_lines": [92, 93, 94, 97], "summary": {"covered_lines": 4, "num_statements": 4, "percent_covered": 100.0, "percent_covered_display": "100.00", "missing_lines": 0, "excluded_lines": 0}, "missing_lines": [], "excluded_lines": []}, "OAuthProvider.refresh_token": {"executed_lines": [], "summary": {"covered_lines": 0, "num_statements": 1, "percent_covered": 0.0, "percent_covered_display": "0.00", "missing_lines": 1, "excluded_lines": 0}, "missing_lines": [113], "excluded_lines": []}, "OAuthProvider.provider_name": {"executed_lines": [], "summary": {"covered_lines": 0, "num_statements": 1, "percent_covered": 0.0, "percent_covered_display": "0.00", "missing_lines": 1, "excluded_lines": 0}, "missing_lines": [119], "excluded_lines": []}, "": {"executed_lines": [1, 2, 3, 4, 6, 8, 12, 15, 16, 17, 19, 20, 21, 22, 23, 26, 27, 28, 30, 31, 32, 33, 34, 37, 38, 45, 56, 57, 65, 66, 78, 99, 100, 115, 116, 117], "summary": {"covered_lines": 26, "num_statements": 26, "percent_covered": 100.0, "percent_covered_display": "100.00", "missing_lines": 0, "excluded_lines": 2}, "missing_lines": [], "excluded_lines": [8, 9]}}, "classes": {"OAuthToken": {"executed_lines": [], "summary": {"covered_lines": 0, "num_statements": 0, "percent_covered": 100.0, "percent_covered_display": "100.00", "missing_lines": 0, "excluded_lines": 0}, "missing_lines": [], "excluded_lines": []}, "OAuthConfig": {"executed_lines": [], "summary": {"covered_lines": 0, "num_statements": 0, "percent_covered": 100.0, "percent_covered_display": "100.00", "missing_lines": 0, "excluded_lines": 0}, "missing_lines": [], "excluded_lines": []}, "OAuthProvider": {"executed_lines": [53, 54, 59, 60, 62, 63, 92, 93, 94, 97], "summary": {"covered_lines": 10, "num_statements": 13, "percent_covered": 76.92307692307692, "percent_covered_display": "76.92", "missing_lines": 3, "excluded_lines": 0}, "missing_lines": [76, 113, 119], "excluded_lines": []}, "": {"executed_lines": [1, 2, 3, 4, 6, 8, 12, 15, 16, 17, 19, 20, 21, 22, 23, 26, 27, 28, 30, 31, 32, 33, 34, 37, 38, 45, 56, 57, 65, 66, 78, 99, 100, 115, 116, 117], "summary": {"covered_lines": 26, "num_statements": 26, "percent_covered": 100.0, "percent_covered_display": "100.00", "missing_lines": 0, "excluded_lines": 2}, "missing_lines": [], "excluded_lines": [8, 9]}}}, "src/oauth_providers/factory.py": {"executed_lines": [1, 2, 4, 5, 6, 7, 8, 11, 12, 19, 28, 29, 43, 44, 50, 59, 61, 62, 63, 65, 67, 68, 72, 74, 75, 85, 88, 89, 92, 96, 100, 104], "summary": {"covered_lines": 30, "num_statements": 33, "percent_covered": 90.9090909090909, "percent_covered_display": "90.91", "missing_lines": 3, "excluded_lines": 0}, "missing_lines": [93, 97, 101], "excluded_lines": [], "functions": {"OAuthProviderFactory.create": {"executed_lines": [43, 44, 50, 59, 61, 62, 63, 65], "summary": {"covered_lines": 8, "num_statements": 8, "percent_covered": 100.0, "percent_covered_display": "100.00", "missing_lines": 0, "excluded_lines": 0}, "missing_lines": [], "excluded_lines": []}, "OAuthProviderFactory.register_provider": {"executed_lines": [72], "summary": {"covered_lines": 1, "num_statements": 1, "percent_covered": 100.0, "percent_covered_display": "100.00", "missing_lines": 0, "excluded_lines": 0}, "missing_lines": [], "excluded_lines": []}, "OAuthProviderFactory.auto_detect": {"executed_lines": [85, 88, 89, 92, 96, 100, 104], "summary": {"covered_lines": 7, "num_statements": 10, "percent_covered": 70.0, "percent_covered_display": "70.00", "missing_lines": 3, "excluded_lines": 0}, "missing_lines": [93, 97, 101], "excluded_lines": []}, "": {"executed_lines": [1, 2, 4, 5, 6, 7, 8, 11, 12, 19, 28, 29, 67, 68, 74, 75], "summary": {"covered_lines": 14, "num_statements": 14, "percent_covered": 100.0, "percent_covered_display": "100.00", "missing_lines": 0, "excluded_lines": 0}, "missing_lines": [], "excluded_lines": []}}, "classes": {"OAuthProviderFactory": {"executed_lines": [43, 44, 50, 59, 61, 62, 63, 65, 72, 85, 88, 89, 92, 96, 100, 104], "summary": {"covered_lines": 16, "num_statements": 19, "percent_covered": 84.21052631578948, "percent_covered_display": "84.21", "missing_lines": 3, "excluded_lines": 0}, "missing_lines": [93, 97, 101], "excluded_lines": []}, "": {"executed_lines": [1, 2, 4, 5, 6, 7, 8, 11, 12, 19, 28, 29, 67, 68, 74, 75], "summary": {"covered_lines": 14, "num_statements": 14, "percent_covered": 100.0, "percent_covered_display": "100.00", "missing_lines": 0, "excluded_lines": 0}, "missing_lines": [], "excluded_lines": []}}}, "src/oauth_providers/generic.py": {"executed_lines": [1, 2, 4, 6, 7, 8, 14, 17, 18, 21, 22, 29, 38, 40, 49, 52, 53, 54, 55, 57, 66, 67, 76, 78, 80, 81, 82, 84, 86, 92, 93, 95, 97, 106, 108, 118, 126, 127, 135, 136, 141, 142, 148], "summary": {"covered_lines": 41, "num_statements": 55, "percent_covered": 74.54545454545455, "percent_covered_display": "74.55", "missing_lines": 14, "excluded_lines": 0}, "missing_lines": [109, 150, 157, 159, 168, 170, 171, 181, 189, 190, 199, 200, 208, 209], "excluded_lines": [], "functions": {"GenericOAuth2Provider.__init__": {"executed_lines": [38, 40, 49, 52, 53, 54, 55, 57, 66, 67, 76, 78], "summary": {"covered_lines": 12, "num_statements": 12, "percent_covered": 100.0, "percent_covered_display": "100.00", "missing_lines": 0, "excluded_lines": 0}, "missing_lines": [], "excluded_lines": []}, "GenericOAuth2Provider.provider_name": {"executed_lines": [82], "summary": {"covered_lines": 1, "num_statements": 1, "percent_covered": 100.0, "percent_covered_display": "100.00", "missing_lines": 0, "excluded_lines": 0}, "missing_lines": [], "excluded_lines": []}, "GenericOAuth2Provider.acquire_token": {"executed_lines": [86, 92, 93, 95, 97, 106, 108, 118, 126, 127, 135, 136, 141, 142], "summary": {"covered_lines": 14, "num_statements": 15, "percent_covered": 93.33333333333333, "percent_covered_display": "93.33", "missing_lines": 1, "excluded_lines": 0}, "missing_lines": [109], "excluded_lines": []}, "GenericOAuth2Provider.refresh_token": {"executed_lines": [], "summary": {"covered_lines": 0, "num_statements": 13, "percent_covered": 0.0, "percent_covered_display": "0.00", "missing_lines": 13, "excluded_lines": 0}, "missing_lines": [150, 157, 159, 168, 170, 171, 181, 189, 190, 199, 200, 208, 209], "excluded_lines": []}, "": {"executed_lines": [1, 2, 4, 6, 7, 8, 14, 17, 18, 21, 22, 29, 80, 81, 84, 148], "summary": {"covered_lines": 14, "num_statements": 14, "percent_covered": 100.0, "percent_covered_display": "100.00", "missing_lines": 0, "excluded_lines": 0}, "missing_lines": [], "excluded_lines": []}}, "classes": {"GenericOAuth2Provider": {"executed_lines": [38, 40, 49, 52, 53, 54, 55, 57, 66, 67, 76, 78, 82, 86, 92, 93, 95, 97, 106, 108, 118, 126, 127, 135, 136, 141, 142], "summary": {"covered_lines": 27, "num_statements": 41, "percent_covered": 65.85365853658537, "percent_covered_display": "65.85", "missing_lines": 14, "excluded_lines": 0}, "missing_lines": [109, 150, 157, 159, 168, 170, 171, 181, 189, 190, 199, 200, 208, 209], "excluded_lines": []}, "": {"executed_lines": [1, 2, 4, 6, 7, 8, 14, 17, 18, 21, 22, 29, 80, 81, 84, 148], "summary": {"covered_lines": 14, "num_statements": 14, "percent_covered": 100.0, "percent_covered_display": "100.00", "missing_lines": 0, "excluded_lines": 0}, "missing_lines": [], "excluded_lines": []}}}, "src/oauth_providers/google.py": {"executed_lines": [1, 3, 5, 6, 7, 8, 11, 12, 14, 16, 18, 21, 25, 29, 35], "summary": {"covered_lines": 13, "num_statements": 25, "percent_covered": 52.0, "percent_covered_display": "52.00", "missing_lines": 12, "excluded_lines": 0}, "missing_lines": [22, 37, 39, 41, 43, 44, 46, 48, 51, 52, 53, 54], "excluded_lines": [], "functions": {"GoogleProvider.__init__": {"executed_lines": [18, 21, 25, 29], "summary": {"covered_lines": 4, "num_statements": 5, "percent_covered": 80.0, "percent_covered_display": "80.00", "missing_lines": 1, "excluded_lines": 0}, "missing_lines": [22], "excluded_lines": []}, "GoogleProvider.acquire_token": {"executed_lines": [], "summary": {"covered_lines": 0, "num_statements": 11, "percent_covered": 0.0, "percent_covered_display": "0.00", "missing_lines": 11, "excluded_lines": 0}, "missing_lines": [37, 39, 41, 43, 44, 46, 48, 51, 52, 53, 54], "excluded_lines": []}, "": {"executed_lines": [1, 3, 5, 6, 7, 8, 11, 12, 14, 16, 35], "summary": {"covered_lines": 9, "num_statements": 9, "percent_covered": 100.0, "percent_covered_display": "100.00", "missing_lines": 0, "excluded_lines": 0}, "missing_lines": [], "excluded_lines": []}}, "classes": {"GoogleProvider": {"executed_lines": [18, 21, 25, 29], "summary": {"covered_lines": 4, "num_statements": 16, "percent_covered": 25.0, "percent_covered_display": "25.00", "missing_lines": 12, "excluded_lines": 0}, "missing_lines": [22, 37, 39, 41, 43, 44, 46, 48, 51, 52, 53, 54], "excluded_lines": []}, "": {"executed_lines": [1, 3, 5, 6, 7, 8, 11, 12, 14, 16, 35], "summary": {"covered_lines": 9, "num_statements": 9, "percent_covered": 100.0, "percent_covered_display": "100.00", "missing_lines": 0, "excluded_lines": 0}, "missing_lines": [], "excluded_lines": []}}}, "src/plugin_context.py": {"executed_lines": [1, 2, 3, 4, 6, 9, 10, 16, 17, 18, 20, 22, 27, 28, 35, 36, 38, 40, 41, 42, 43, 45, 47, 49, 50, 51, 53, 54, 60, 61, 62, 64, 73, 74, 75, 77, 87, 89, 99, 101, 116, 125, 126, 128, 130, 131, 133], "summary": {"covered_lines": 45, "num_statements": 50, "percent_covered": 90.0, "percent_covered_display": "90.00", "missing_lines": 5, "excluded_lines": 0}, "missing_lines": [111, 112, 113, 114, 123], "excluded_lines": [], "functions": {"PluginContext.__new__": {"executed_lines": [22], "summary": {"covered_lines": 1, "num_statements": 1, "percent_covered": 100.0, "percent_covered_display": "100.00", "missing_lines": 0, "excluded_lines": 0}, "missing_lines": [], "excluded_lines": []}, "PluginContext.get_instance": {"executed_lines": [35, 36, 38, 40, 41, 42, 43, 45], "summary": {"covered_lines": 8, "num_statements": 8, "percent_covered": 100.0, "percent_covered_display": "100.00", "missing_lines": 0, "excluded_lines": 0}, "missing_lines": [], "excluded_lines": []}, "PluginContext._initialize": {"executed_lines": [49, 50, 51], "summary": {"covered_lines": 3, "num_statements": 3, "percent_covered": 100.0, "percent_covered_display": "100.00", "missing_lines": 0, "excluded_lines": 0}, "missing_lines": [], "excluded_lines": []}, "PluginContext.reset_instance": {"executed_lines": [60, 61, 62], "summary": {"covered_lines": 3, "num_statements": 3, "percent_covered": 100.0, "percent_covered_display": "100.00", "missing_lines": 0, "excluded_lines": 0}, "missing_lines": [], "excluded_lines": []}, "PluginContext.register_token_manager": {"executed_lines": [73, 74, 75], "summary": {"covered_lines": 3, "num_statements": 3, "percent_covered": 100.0, "percent_covered_display": "100.00", "missing_lines": 0, "excluded_lines": 0}, "missing_lines": [], "excluded_lines": []}, "PluginContext.get_token_manager": {"executed_lines": [87], "summary": {"covered_lines": 1, "num_statements": 1, "percent_covered": 100.0, "percent_covered_display": "100.00", "missing_lines": 0, "excluded_lines": 0}, "missing_lines": [], "excluded_lines": []}, "PluginContext.get_server_url": {"executed_lines": [99], "summary": {"covered_lines": 1, "num_statements": 1, "percent_covered": 100.0, "percent_covered_display": "100.00", "missing_lines": 0, "excluded_lines": 0}, "missing_lines": [], "excluded_lines": []}, "PluginContext.find_server_for_url": {"executed_lines": [], "summary": {"covered_lines": 0, "num_statements": 4, "percent_covered": 0.0, "percent_covered_display": "0.00", "missing_lines": 4, "excluded_lines": 0}, "missing_lines": [111, 112, 113, 114], "excluded_lines": []}, "PluginContext.get_all_servers": {"executed_lines": [], "summary": {"covered_lines": 0, "num_statements": 1, "percent_covered": 0.0, "percent_covered_display": "0.00", "missing_lines": 1, "excluded_lines": 0}, "missing_lines": [123], "excluded_lines": []}, "PluginContext.token_managers": {"executed_lines": [128], "summary": {"covered_lines": 1, "num_statements": 1, "percent_covered": 100.0, "percent_covered_display": "100.00", "missing_lines": 0, "excluded_lines": 0}, "missing_lines": [], "excluded_lines": []}, "PluginContext.server_urls": {"executed_lines": [133], "summary": {"covered_lines": 1, "num_statements": 1, "percent_covered": 100.0, "percent_covered_display": "100.00", "missing_lines": 0, "excluded_lines": 0}, "missing_lines": [], "excluded_lines": []}, "": {"executed_lines": [1, 2, 3, 4, 6, 9, 10, 16, 17, 18, 20, 27, 28, 47, 53, 54, 64, 77, 89, 101, 116, 125, 126, 130, 131], "summary": {"covered_lines": 23, "num_statements": 23, "percent_covered": 100.0, "percent_covered_display": "100.00", "missing_lines": 0, "excluded_lines": 0}, "missing_lines": [], "excluded_lines": []}}, "classes": {"PluginContext": {"executed_lines": [22, 35, 36, 38, 40, 41, 42, 43, 45, 49, 50, 51, 60, 61, 62, 73, 74, 75, 87, 99, 128, 133], "summary": {"covered_lines": 22, "num_statements": 27, "percent_covered": 81.48148148148148, "percent_covered_display": "81.48", "missing_lines": 5, "excluded_lines": 0}, "missing_lines": [111, 112, 113, 114, 123], "excluded_lines": []}, "": {"executed_lines": [1, 2, 3, 4, 6, 9, 10, 16, 17, 18, 20, 27, 28, 47, 53, 54, 64, 77, 89, 101, 116, 125, 126, 130, 131], "summary": {"covered_lines": 23, "num_statements": 23, "percent_covered": 100.0, "percent_covered_display": "100.00", "missing_lines": 0, "excluded_lines": 0}, "missing_lines": [], "excluded_lines": []}}}, "src/rate_limiter.py": {"executed_lines": [1, 2, 3, 4, 5, 8, 9, 11, 20, 21, 22, 24, 30, 31, 44, 52, 53, 56, 57, 59, 69, 70, 71, 74, 77, 78, 81, 82, 85, 87, 98], "summary": {"covered_lines": 28, "num_statements": 38, "percent_covered": 73.6842105263158, "percent_covered_display": "73.68", "missing_lines": 10, "excluded_lines": 0}, "missing_lines": [94, 95, 96, 108, 109, 110, 112, 115, 116, 118], "excluded_lines": [], "functions": {"RateLimitExceeded.__init__": {"executed_lines": [20, 21, 22, 24], "summary": {"covered_lines": 4, "num_statements": 4, "percent_covered": 100.0, "percent_covered_display": "100.00", "missing_lines": 0, "excluded_lines": 0}, "missing_lines": [], "excluded_lines": []}, "RateLimiter.__init__": {"executed_lines": [52, 53, 56, 57], "summary": {"covered_lines": 4, "num_statements": 4, "percent_covered": 100.0, "percent_covered_display": "100.00", "missing_lines": 0, "excluded_lines": 0}, "missing_lines": [], "excluded_lines": []}, "RateLimiter.check_rate_limit": {"executed_lines": [69, 70, 71, 74, 77, 78, 81, 82, 85], "summary": {"covered_lines": 9, "num_statements": 9, "percent_covered": 100.0, "percent_covered_display": "100.00", "missing_lines": 0, "excluded_lines": 0}, "missing_lines": [], "excluded_lines": []}, "RateLimiter.reset": {"executed_lines": [], "summary": {"covered_lines": 0, "num_statements": 3, "percent_covered": 0.0, "percent_covered_display": "0.00", "missing_lines": 3, "excluded_lines": 0}, "missing_lines": [94, 95, 96], "excluded_lines": []}, "RateLimiter.get_remaining": {"executed_lines": [], "summary": {"covered_lines": 0, "num_statements": 7, "percent_covered": 0.0, "percent_covered_display": "0.00", "missing_lines": 7, "excluded_lines": 0}, "missing_lines": [108, 109, 110, 112, 115, 116, 118], "excluded_lines": []}, "": {"executed_lines": [1, 2, 3, 4, 5, 8, 9, 11, 30, 31, 44, 59, 87, 98], "summary": {"covered_lines": 11, "num_statements": 11, "percent_covered": 100.0, "percent_covered_display": "100.00", "missing_lines": 0, "excluded_lines": 0}, "missing_lines": [], "excluded_lines": []}}, "classes": {"RateLimitExceeded": {"executed_lines": [20, 21, 22, 24], "summary": {"covered_lines": 4, "num_statements": 4, "percent_covered": 100.0, "percent_covered_display": "100.00", "missing_lines": 0, "excluded_lines": 0}, "missing_lines": [], "excluded_lines": []}, "RateLimiter": {"executed_lines": [52, 53, 56, 57, 69, 70, 71, 74, 77, 78, 81, 82, 85], "summary": {"covered_lines": 13, "num_statements": 23, "percent_covered": 56.52173913043478, "percent_covered_display": "56.52", "missing_lines": 10, "excluded_lines": 0}, "missing_lines": [94, 95, 96, 108, 109, 110, 112, 115, 116, 118], "excluded_lines": []}, "": {"executed_lines": [1, 2, 3, 4, 5, 8, 9, 11, 30, 31, 44, 59, 87, 98], "summary": {"covered_lines": 11, "num_statements": 11, "percent_covered": 100.0, "percent_covered_display": "100.00", "missing_lines": 0, "excluded_lines": 0}, "missing_lines": [], "excluded_lines": []}}}, "src/resilience/__init__.py": {"executed_lines": [1, 2, 7, 16], "summary": {"covered_lines": 3, "num_statements": 3, "percent_covered": 100.0, "percent_covered_display": "100.00", "missing_lines": 0, "excluded_lines": 0}, "missing_lines": [], "excluded_lines": [], "functions": {"": {"executed_lines": [1, 2, 7, 16], "summary": {"covered_lines": 3, "num_statements": 3, "percent_covered": 100.0, "percent_covered_display": "100.00", "missing_lines": 0, "excluded_lines": 0}, "missing_lines": [], "excluded_lines": []}}, "classes": {"": {"executed_lines": [1, 2, 7, 16], "summary": {"covered_lines": 3, "num_statements": 3, "percent_covered": 100.0, "percent_covered_display": "100.00", "missing_lines": 0, "excluded_lines": 0}, "missing_lines": [], "excluded_lines": []}}}, "src/resilience/circuit_breaker.py": {"executed_lines": [1, 2, 3, 4, 5, 6, 7, 9, 12, 13, 15, 16, 17, 20, 21, 23, 26, 27, 28, 30, 31, 32, 33, 36, 37, 43, 58, 59, 60, 62, 63, 64, 65, 68, 70, 71, 73, 74, 76, 77, 79, 80, 82, 98, 99, 102, 103, 104, 105, 107, 108, 113, 114, 115, 116, 117, 118, 119, 120, 122, 124, 126, 128, 130, 131, 132, 134, 135, 136, 138, 140, 141, 142, 143, 145, 146, 147, 148, 152, 160, 167, 168], "summary": {"covered_lines": 77, "num_statements": 83, "percent_covered": 92.7710843373494, "percent_covered_display": "92.77", "missing_lines": 6, "excluded_lines": 0}, "missing_lines": [125, 154, 155, 156, 157, 158], "excluded_lines": [], "functions": {"CircuitBreaker.__init__": {"executed_lines": [58, 59, 60, 62, 63, 64, 65, 68], "summary": {"covered_lines": 8, "num_statements": 8, "percent_covered": 100.0, "percent_covered_display": "100.00", "missing_lines": 0, "excluded_lines": 0}, "missing_lines": [], "excluded_lines": []}, "CircuitBreaker.state": {"executed_lines": [73, 74], "summary": {"covered_lines": 2, "num_statements": 2, "percent_covered": 100.0, "percent_covered_display": "100.00", "missing_lines": 0, "excluded_lines": 0}, "missing_lines": [], "excluded_lines": []}, "CircuitBreaker.failure_count": {"executed_lines": [79, 80], "summary": {"covered_lines": 2, "num_statements": 2, "percent_covered": 100.0, "percent_covered_display": "100.00", "missing_lines": 0, "excluded_lines": 0}, "missing_lines": [], "excluded_lines": []}, "CircuitBreaker.call": {"executed_lines": [98, 99, 102, 103, 104, 105, 107, 108, 113, 114, 115, 116, 117, 118, 119, 120], "summary": {"covered_lines": 16, "num_statements": 16, "percent_covered": 100.0, "percent_covered_display": "100.00", "missing_lines": 0, "excluded_lines": 0}, "missing_lines": [], "excluded_lines": []}, "CircuitBreaker._should_attempt_reset": {"executed_lines": [124, 126], "summary": {"covered_lines": 2, "num_statements": 3, "percent_covered": 66.66666666666667, "percent_covered_display": "66.67", "missing_lines": 1, "excluded_lines": 0}, "missing_lines": [125], "excluded_lines": []}, "CircuitBreaker._on_success": {"executed_lines": [130, 131, 132, 134, 135, 136], "summary": {"covered_lines": 6, "num_statements": 6, "percent_covered": 100.0, "percent_covered_display": "100.00", "missing_lines": 0, "excluded_lines": 0}, "missing_lines": [], "excluded_lines": []}, "CircuitBreaker._on_failure": {"executed_lines": [140, 141, 142, 143, 145, 146, 147, 148], "summary": {"covered_lines": 8, "num_statements": 8, "percent_covered": 100.0, "percent_covered_display": "100.00", "missing_lines": 0, "excluded_lines": 0}, "missing_lines": [], "excluded_lines": []}, "CircuitBreaker.reset": {"executed_lines": [], "summary": {"covered_lines": 0, "num_statements": 5, "percent_covered": 0.0, "percent_covered_display": "0.00", "missing_lines": 5, "excluded_lines": 0}, "missing_lines": [154, 155, 156, 157, 158], "excluded_lines": []}, "CircuitBreaker.get_metrics": {"executed_lines": [167, 168], "summary": {"covered_lines": 2, "num_statements": 2, "percent_covered": 100.0, "percent_covered_display": "100.00", "missing_lines": 0, "excluded_lines": 0}, "missing_lines": [], "excluded_lines": []}, "": {"executed_lines": [1, 2, 3, 4, 5, 6, 7, 9, 12, 13, 15, 16, 17, 20, 21, 23, 26, 27, 28, 30, 31, 32, 33, 36, 37, 43, 70, 71, 76, 77, 82, 122, 128, 138, 152, 160], "summary": {"covered_lines": 31, "num_statements": 31, "percent_covered": 100.0, "percent_covered_display": "100.00", "missing_lines": 0, "excluded_lines": 0}, "missing_lines": [], "excluded_lines": []}}, "classes": {"CircuitBreakerState": {"executed_lines": [], "summary": {"covered_lines": 0, "num_statements": 0, "percent_covered": 100.0, "percent_covered_display": "100.00", "missing_lines": 0, "excluded_lines": 0}, "missing_lines": [], "excluded_lines": []}, "CircuitBreakerError": {"executed_lines": [], "summary": {"covered_lines": 0, "num_statements": 0, "percent_covered": 100.0, "percent_covered_display": "100.00", "missing_lines": 0, "excluded_lines": 0}, "missing_lines": [], "excluded_lines": []}, "CircuitBreakerMetrics": {"executed_lines": [], "summary": {"covered_lines": 0, "num_statements": 0, "percent_covered": 100.0, "percent_covered_display": "100.00", "missing_lines": 0, "excluded_lines": 0}, "missing_lines": [], "excluded_lines": []}, "CircuitBreaker": {"executed_lines": [58, 59, 60, 62, 63, 64, 65, 68, 73, 74, 79, 80, 98, 99, 102, 103, 104, 105, 107, 108, 113, 114, 115, 116, 117, 118, 119, 120, 124, 126, 130, 131, 132, 134, 135, 136, 140, 141, 142, 143, 145, 146, 147, 148, 167, 168], "summary": {"covered_lines": 46, "num_statements": 52, "percent_covered": 88.46153846153847, "percent_covered_display": "88.46", "missing_lines": 6, "excluded_lines": 0}, "missing_lines": [125, 154, 155, 156, 157, 158], "excluded_lines": []}, "": {"executed_lines": [1, 2, 3, 4, 5, 6, 7, 9, 12, 13, 15, 16, 17, 20, 21, 23, 26, 27, 28, 30, 31, 32, 33, 36, 37, 43, 70, 71, 76, 77, 82, 122, 128, 138, 152, 160], "summary": {"covered_lines": 31, "num_statements": 31, "percent_covered": 100.0, "percent_covered_display": "100.00", "missing_lines": 0, "excluded_lines": 0}, "missing_lines": [], "excluded_lines": []}}}, "src/resilience/retry_strategy.py": {"executed_lines": [1, 2, 3, 4, 5, 7, 10, 11, 13, 16, 17, 19, 20, 33, 34, 36, 43, 45, 47, 50, 51, 53, 61, 62, 64, 66, 69, 70, 72, 86, 87, 88, 90, 92, 94, 95, 97, 100, 101, 103, 120, 121, 122, 123, 125, 141, 143, 144, 145, 146, 147, 150, 151, 154, 155, 158, 159, 162, 163, 167, 170], "summary": {"covered_lines": 54, "num_statements": 55, "percent_covered": 98.18181818181819, "percent_covered_display": "98.18", "missing_lines": 1, "excluded_lines": 0}, "missing_lines": [30], "excluded_lines": [], "functions": {"RetryStrategy.get_delay": {"executed_lines": [], "summary": {"covered_lines": 0, "num_statements": 1, "percent_covered": 0.0, "percent_covered_display": "0.00", "missing_lines": 1, "excluded_lines": 0}, "missing_lines": [30], "excluded_lines": []}, "FixedBackoff.__init__": {"executed_lines": [43], "summary": {"covered_lines": 1, "num_statements": 1, "percent_covered": 100.0, "percent_covered_display": "100.00", "missing_lines": 0, "excluded_lines": 0}, "missing_lines": [], "excluded_lines": []}, "FixedBackoff.get_delay": {"executed_lines": [47], "summary": {"covered_lines": 1, "num_statements": 1, "percent_covered": 100.0, "percent_covered_display": "100.00", "missing_lines": 0, "excluded_lines": 0}, "missing_lines": [], "excluded_lines": []}, "LinearBackoff.__init__": {"executed_lines": [61, 62], "summary": {"covered_lines": 2, "num_statements": 2, "percent_covered": 100.0, "percent_covered_display": "100.00", "missing_lines": 0, "excluded_lines": 0}, "missing_lines": [], "excluded_lines": []}, "LinearBackoff.get_delay": {"executed_lines": [66], "summary": {"covered_lines": 1, "num_statements": 1, "percent_covered": 100.0, "percent_covered_display": "100.00", "missing_lines": 0, "excluded_lines": 0}, "missing_lines": [], "excluded_lines": []}, "ExponentialBackoff.__init__": {"executed_lines": [86, 87, 88], "summary": {"covered_lines": 3, "num_statements": 3, "percent_covered": 100.0, "percent_covered_display": "100.00", "missing_lines": 0, "excluded_lines": 0}, "missing_lines": [], "excluded_lines": []}, "ExponentialBackoff.get_delay": {"executed_lines": [92, 94, 95, 97], "summary": {"covered_lines": 4, "num_statements": 4, "percent_covered": 100.0, "percent_covered_display": "100.00", "missing_lines": 0, "excluded_lines": 0}, "missing_lines": [], "excluded_lines": []}, "RetryConfig.__init__": {"executed_lines": [120, 121, 122, 123], "summary": {"covered_lines": 4, "num_statements": 4, "percent_covered": 100.0, "percent_covered_display": "100.00", "missing_lines": 0, "excluded_lines": 0}, "missing_lines": [], "excluded_lines": []}, "RetryConfig.execute": {"executed_lines": [141, 143, 144, 145, 146, 147, 150, 151, 154, 155, 158, 159, 162, 163, 167, 170], "summary": {"covered_lines": 16, "num_statements": 16, "percent_covered": 100.0, "percent_covered_display": "100.00", "missing_lines": 0, "excluded_lines": 0}, "missing_lines": [], "excluded_lines": []}, "": {"executed_lines": [1, 2, 3, 4, 5, 7, 10, 11, 13, 16, 17, 19, 20, 33, 34, 36, 45, 50, 51, 53, 64, 69, 70, 72, 90, 100, 101, 103, 125], "summary": {"covered_lines": 22, "num_statements": 22, "percent_covered": 100.0, "percent_covered_display": "100.00", "missing_lines": 0, "excluded_lines": 0}, "missing_lines": [], "excluded_lines": []}}, "classes": {"RetryExhaustedError": {"executed_lines": [], "summary": {"covered_lines": 0, "num_statements": 0, "percent_covered": 100.0, "percent_covered_display": "100.00", "missing_lines": 0, "excluded_lines": 0}, "missing_lines": [], "excluded_lines": []}, "RetryStrategy": {"executed_lines": [], "summary": {"covered_lines": 0, "num_statements": 1, "percent_covered": 0.0, "percent_covered_display": "0.00", "missing_lines": 1, "excluded_lines": 0}, "missing_lines": [30], "excluded_lines": []}, "FixedBackoff": {"executed_lines": [43, 47], "summary": {"covered_lines": 2, "num_statements": 2, "percent_covered": 100.0, "percent_covered_display": "100.00", "missing_lines": 0, "excluded_lines": 0}, "missing_lines": [], "excluded_lines": []}, "LinearBackoff": {"executed_lines": [61, 62, 66], "summary": {"covered_lines": 3, "num_statements": 3, "percent_covered": 100.0, "percent_covered_display": "100.00", "missing_lines": 0, "excluded_lines": 0}, "missing_lines": [], "excluded_lines": []}, "ExponentialBackoff": {"executed_lines": [86, 87, 88, 92, 94, 95, 97], "summary": {"covered_lines": 7, "num_statements": 7, "percent_covered": 100.0, "percent_covered_display": "100.00", "missing_lines": 0, "excluded_lines": 0}, "missing_lines": [], "excluded_lines": []}, "RetryConfig": {"executed_lines": [120, 121, 122, 123, 141, 143, 144, 145, 146, 147, 150, 151, 154, 155, 158, 159, 162, 163, 167, 170], "summary": {"covered_lines": 20, "num_statements": 20, "percent_covered": 100.0, "percent_covered_display": "100.00", "missing_lines": 0, "excluded_lines": 0}, "missing_lines": [], "excluded_lines": []}, "": {"executed_lines": [1, 2, 3, 4, 5, 7, 10, 11, 13, 16, 17, 19, 20, 33, 34, 36, 45, 50, 51, 53, 64, 69, 70, 72, 90, 100, 101, 103, 125], "summary": {"covered_lines": 22, "num_statements": 22, "percent_covered": 100.0, "percent_covered_display": "100.00", "missing_lines": 0, "excluded_lines": 0}, "missing_lines": [], "excluded_lines": []}}}, "src/secrets_manager.py": {"executed_lines": [1, 2, 5, 6, 19, 21, 22, 24, 34, 35, 37, 50, 51], "summary": {"covered_lines": 11, "num_statements": 11, "percent_covered": 100.0, "percent_covered_display": "100.00", "missing_lines": 0, "excluded_lines": 0}, "missing_lines": [], "excluded_lines": [], "functions": {"SecretsManager.__init__": {"executed_lines": [21, 22], "summary": {"covered_lines": 2, "num_statements": 2, "percent_covered": 100.0, "percent_covered_display": "100.00", "missing_lines": 0, "excluded_lines": 0}, "missing_lines": [], "excluded_lines": []}, "SecretsManager.encrypt_secret": {"executed_lines": [34, 35], "summary": {"covered_lines": 2, "num_statements": 2, "percent_covered": 100.0, "percent_covered_display": "100.00", "missing_lines": 0, "excluded_lines": 0}, "missing_lines": [], "excluded_lines": []}, "SecretsManager.decrypt_secret": {"executed_lines": [50, 51], "summary": {"covered_lines": 2, "num_statements": 2, "percent_covered": 100.0, "percent_covered_display": "100.00", "missing_lines": 0, "excluded_lines": 0}, "missing_lines": [], "excluded_lines": []}, "": {"executed_lines": [1, 2, 5, 6, 19, 24, 37], "summary": {"covered_lines": 5, "num_statements": 5, "percent_covered": 100.0, "percent_covered_display": "100.00", "missing_lines": 0, "excluded_lines": 0}, "missing_lines": [], "excluded_lines": []}}, "classes": {"SecretsManager": {"executed_lines": [21, 22, 34, 35, 50, 51], "summary": {"covered_lines": 6, "num_statements": 6, "percent_covered": 100.0, "percent_covered_display": "100.00", "missing_lines": 0, "excluded_lines": 0}, "missing_lines": [], "excluded_lines": []}, "": {"executed_lines": [1, 2, 5, 6, 19, 24, 37], "summary": {"covered_lines": 5, "num_statements": 5, "percent_covered": 100.0, "percent_covered_display": "100.00", "missing_lines": 0, "excluded_lines": 0}, "missing_lines": [], "excluded_lines": []}}}, "src/structured_logger.py": {"executed_lines": [1, 2, 3, 4, 5, 6, 7, 8, 9, 10, 13, 29, 41, 51, 53, 54, 55, 56, 58, 60, 65, 67, 71, 74, 75, 88, 104, 105, 106, 107, 109, 113, 116, 117, 118, 121, 135, 137, 139, 141, 143, 145, 152, 154, 156, 158, 165, 167, 169, 172, 173, 176, 177, 179, 181, 183, 185, 187, 189, 191, 193, 195, 197, 199, 201, 219, 220, 223, 226, 227, 229, 231, 242, 243, 246, 247, 249, 253], "summary": {"covered_lines": 75, "num_statements": 80, "percent_covered": 93.75, "percent_covered_display": "93.75", "missing_lines": 5, "excluded_lines": 0}, "missing_lines": [123, 124, 126, 132, 133], "excluded_lines": [], "functions": {"redact_secrets": {"executed_lines": [51, 53, 54, 55, 56, 58, 60, 65, 67, 71], "summary": {"covered_lines": 10, "num_statements": 10, "percent_covered": 100.0, "percent_covered_display": "100.00", "missing_lines": 0, "excluded_lines": 0}, "missing_lines": [], "excluded_lines": []}, "StructuredLogger.__init__": {"executed_lines": [104, 105, 106, 107], "summary": {"covered_lines": 4, "num_statements": 4, "percent_covered": 100.0, "percent_covered_display": "100.00", "missing_lines": 0, "excluded_lines": 0}, "missing_lines": [], "excluded_lines": []}, "StructuredLogger._setup_handler": {"executed_lines": [113, 116, 117, 118, 121, 135], "summary": {"covered_lines": 6, "num_statements": 11, "percent_covered": 54.54545454545455, "percent_covered_display": "54.55", "missing_lines": 5, "excluded_lines": 0}, "missing_lines": [123, 124, 126, 132, 133], "excluded_lines": []}, "StructuredLogger.set_context": {"executed_lines": [139], "summary": {"covered_lines": 1, "num_statements": 1, "percent_covered": 100.0, "percent_covered_display": "100.00", "missing_lines": 0, "excluded_lines": 0}, "missing_lines": [], "excluded_lines": []}, "StructuredLogger.clear_context": {"executed_lines": [143], "summary": {"covered_lines": 1, "num_statements": 1, "percent_covered": 100.0, "percent_covered_display": "100.00", "missing_lines": 0, "excluded_lines": 0}, "missing_lines": [], "excluded_lines": []}, "StructuredLogger.set_correlation_id": {"executed_lines": [152], "summary": {"covered_lines": 1, "num_statements": 1, "percent_covered": 100.0, "percent_covered_display": "100.00", "missing_lines": 0, "excluded_lines": 0}, "missing_lines": [], "excluded_lines": []}, "StructuredLogger.clear_correlation_id": {"executed_lines": [156], "summary": {"covered_lines": 1, "num_statements": 1, "percent_covered": 100.0, "percent_covered_display": "100.00", "missing_lines": 0, "excluded_lines": 0}, "missing_lines": [], "excluded_lines": []}, "StructuredLogger.generate_correlation_id": {"executed_lines": [165], "summary": {"covered_lines": 1, "num_statements": 1, "percent_covered": 100.0, "percent_covered_display": "100.00", "missing_lines": 0, "excluded_lines": 0}, "missing_lines": [], "excluded_lines": []}, "StructuredLogger._log": {"executed_lines": [169, 172, 173, 176, 177, 179], "summary": {"covered_lines": 6, "num_statements": 6, "percent_covered": 100.0, "percent_covered_display": "100.00", "missing_lines": 0, "excluded_lines": 0}, "missing_lines": [], "excluded_lines": []}, "StructuredLogger.debug": {"executed_lines": [183], "summary": {"covered_lines": 1, "num_statements": 1, "percent_covered": 100.0, "percent_covered_display": "100.00", "missing_lines": 0, "excluded_lines": 0}, "missing_lines": [], "excluded_lines": []}, "StructuredLogger.info": {"executed_lines": [187], "summary": {"covered_lines": 1, "num_statements": 1, "percent_covered": 100.0, "percent_covered_display": "100.00", "missing_lines": 0, "excluded_lines": 0}, "missing_lines": [], "excluded_lines": []}, "StructuredLogger.warning": {"executed_lines": [191], "summary": {"covered_lines": 1, "num_statements": 1, "percent_covered": 100.0, "percent_covered_display": "100.00", "missing_lines": 0, "excluded_lines": 0}, "missing_lines": [], "excluded_lines": []}, "StructuredLogger.error": {"executed_lines": [195], "summary": {"covered_lines": 1, "num_statements": 1, "percent_covered": 100.0, "percent_covered_display": "100.00", "missing_lines": 0, "excluded_lines": 0}, "missing_lines": [], "excluded_lines": []}, "StructuredLogger.critical": {"executed_lines": [199], "summary": {"covered_lines": 1, "num_statements": 1, "percent_covered": 100.0, "percent_covered_display": "100.00", "missing_lines": 0, "excluded_lines": 0}, "missing_lines": [], "excluded_lines": []}, "StructuredLogger.security_event": {"executed_lines": [219, 220, 223], "summary": {"covered_lines": 3, "num_statements": 3, "percent_covered": 100.0, "percent_covered_display": "100.00", "missing_lines": 0, "excluded_lines": 0}, "missing_lines": [], "excluded_lines": []}, "JsonFormatter.format": {"executed_lines": [231, 242, 243, 246, 247, 249], "summary": {"covered_lines": 6, "num_statements": 6, "percent_covered": 100.0, "percent_covered_display": "100.00", "missing_lines": 0, "excluded_lines": 0}, "missing_lines": [], "excluded_lines": []}, "": {"executed_lines": [1, 2, 3, 4, 5, 6, 7, 8, 9, 10, 13, 29, 41, 74, 75, 88, 109, 137, 141, 145, 154, 158, 167, 181, 185, 189, 193, 197, 201, 226, 227, 229, 253], "summary": {"covered_lines": 30, "num_statements": 30, "percent_covered": 100.0, "percent_covered_display": "100.00", "missing_lines": 0, "excluded_lines": 0}, "missing_lines": [], "excluded_lines": []}}, "classes": {"StructuredLogger": {"executed_lines": [104, 105, 106, 107, 113, 116, 117, 118, 121, 135, 139, 143, 152, 156, 165, 169, 172, 173, 176, 177, 179, 183, 187, 191, 195, 199, 219, 220, 223], "summary": {"covered_lines": 29, "num_statements": 34, "percent_covered": 85.29411764705883, "percent_covered_display": "85.29", "missing_lines": 5, "excluded_lines": 0}, "missing_lines": [123, 124, 126, 132, 133], "excluded_lines": []}, "JsonFormatter": {"executed_lines": [231, 242, 243, 246, 247, 249], "summary": {"covered_lines": 6, "num_statements": 6, "percent_covered": 100.0, "percent_covered_display": "100.00", "missing_lines": 0, "excluded_lines": 0}, "missing_lines": [], "excluded_lines": []}, "": {"executed_lines": [1, 2, 3, 4, 5, 6, 7, 8, 9, 10, 13, 29, 41, 51, 53, 54, 55, 56, 58, 60, 65, 67, 71, 74, 75, 88, 109, 137, 141, 145, 154, 158, 167, 181, 185, 189, 193, 197, 201, 226, 227, 229, 253], "summary": {"covered_lines": 40, "num_statements": 40, "percent_covered": 100.0, "percent_covered_display": "100.00", "missing_lines": 0, "excluded_lines": 0}, "missing_lines": [], "excluded_lines": []}}}, "src/token_manager.py": {"executed_lines": [1, 2, 3, 4, 5, 6, 8, 10, 11, 12, 13, 14, 15, 16, 17, 24, 25, 27, 30, 41, 42, 43, 44, 45, 48, 49, 51, 67, 68, 69, 72, 76, 79, 80, 81, 84, 85, 88, 92, 93, 96, 99, 100, 101, 103, 112, 113, 115, 121, 128, 130, 137, 139, 146, 148, 150, 152, 153, 155, 161, 165, 167, 168, 170, 180, 182, 184, 185, 186, 189, 190, 193, 195, 199, 200, 201, 207, 220, 233, 234, 236, 238, 239, 241, 242, 243, 244, 246, 248, 250, 257, 262, 263, 266, 286, 289, 295, 296, 298, 300, 301, 304, 305, 306, 308, 318, 319, 321, 329, 332, 333, 335, 337, 339, 340, 342, 345, 346, 350, 351, 353, 354, 357, 359, 361, 362, 364, 365, 368, 369, 374, 375, 376, 386, 404, 411, 418, 423, 424, 425, 427, 428, 463, 465, 466, 467, 469, 470, 472, 475, 476, 481, 482, 485, 495, 497, 504, 515, 523, 531, 536, 537, 538, 540, 541, 542, 553, 558, 559, 560, 562, 568, 577, 586, 587, 598, 600, 602, 604, 609, 618, 627, 628], "summary": {"covered_lines": 181, "num_statements": 203, "percent_covered": 89.16256157635468, "percent_covered_display": "89.16", "missing_lines": 22, "excluded_lines": 0}, "missing_lines": [147, 156, 194, 196, 197, 268, 270, 277, 281, 282, 283, 388, 394, 429, 431, 432, 433, 436, 444, 452, 453, 639], "excluded_lines": [], "functions": {"TokenManager.__init__": {"executed_lines": [67, 68, 69, 72, 76, 79, 80, 81, 84, 85, 88, 92, 93, 96, 99, 100, 101, 103, 112, 113, 115], "summary": {"covered_lines": 21, "num_statements": 21, "percent_covered": 100.0, "percent_covered_display": "100.00", "missing_lines": 0, "excluded_lines": 0}, "missing_lines": [], "excluded_lines": []}, "TokenManager._get_client_secret": {"executed_lines": [128], "summary": {"covered_lines": 1, "num_statements": 1, "percent_covered": 100.0, "percent_covered_display": "100.00", "missing_lines": 0, "excluded_lines": 0}, "missing_lines": [], "excluded_lines": []}, "TokenManager._set_cached_token": {"executed_lines": [137], "summary": {"covered_lines": 1, "num_statements": 1, "percent_covered": 100.0, "percent_covered_display": "100.00", "missing_lines": 0, "excluded_lines": 0}, "missing_lines": [], "excluded_lines": []}, "TokenManager._get_cached_token": {"executed_lines": [146, 148], "summary": {"covered_lines": 2, "num_statements": 3, "percent_covered": 66.66666666666667, "percent_covered_display": "66.67", "missing_lines": 1, "excluded_lines": 0}, "missing_lines": [147], "excluded_lines": []}, "TokenManager._validate_config": {"executed_lines": [152, 153, 155], "summary": {"covered_lines": 3, "num_statements": 4, "percent_covered": 75.0, "percent_covered_display": "75.00", "missing_lines": 1, "excluded_lines": 0}, "missing_lines": [156], "excluded_lines": []}, "TokenManager._create_circuit_breaker": {"executed_lines": [165, 167, 168, 170], "summary": {"covered_lines": 4, "num_statements": 4, "percent_covered": 100.0, "percent_covered_display": "100.00", "missing_lines": 0, "excluded_lines": 0}, "missing_lines": [], "excluded_lines": []}, "TokenManager._create_retry_config": {"executed_lines": [182, 184, 185, 186, 189, 190, 193, 195, 199, 200, 201, 207], "summary": {"covered_lines": 12, "num_statements": 15, "percent_covered": 80.0, "percent_covered_display": "80.00", "missing_lines": 3, "excluded_lines": 0}, "missing_lines": [194, 196, 197], "excluded_lines": []}, "TokenManager.get_token": {"executed_lines": [233, 234, 236, 238, 239, 241, 242, 243, 244, 246, 248, 250, 257, 262, 263, 266, 286, 289, 295, 296], "summary": {"covered_lines": 20, "num_statements": 26, "percent_covered": 76.92307692307692, "percent_covered_display": "76.92", "missing_lines": 6, "excluded_lines": 0}, "missing_lines": [268, 270, 277, 281, 282, 283], "excluded_lines": []}, "TokenManager._is_token_valid": {"executed_lines": [300, 301, 304, 305, 306], "summary": {"covered_lines": 5, "num_statements": 5, "percent_covered": 100.0, "percent_covered_display": "100.00", "missing_lines": 0, "excluded_lines": 0}, "missing_lines": [], "excluded_lines": []}, "TokenManager._acquire_token": {"executed_lines": [318, 319, 321, 329, 337, 339, 340, 342, 345, 346, 350, 351, 353, 354, 357], "summary": {"covered_lines": 15, "num_statements": 15, "percent_covered": 100.0, "percent_covered_display": "100.00", "missing_lines": 0, "excluded_lines": 0}, "missing_lines": [], "excluded_lines": []}, "TokenManager._acquire_token.acquire_operation": {"executed_lines": [332, 333, 335], "summary": {"covered_lines": 3, "num_statements": 3, "percent_covered": 100.0, "percent_covered_display": "100.00", "missing_lines": 0, "excluded_lines": 0}, "missing_lines": [], "excluded_lines": []}, "TokenManager._acquire_with_retry_config": {"executed_lines": [361, 362, 364, 427, 428], "summary": {"covered_lines": 5, "num_statements": 13, "percent_covered": 38.46153846153846, "percent_covered_display": "38.46", "missing_lines": 8, "excluded_lines": 0}, "missing_lines": [429, 431, 432, 433, 436, 444, 452, 453], "excluded_lines": []}, "TokenManager._acquire_with_retry_config.attempt_acquire": {"executed_lines": [365, 368, 369, 374, 375, 376, 386, 404, 411, 418, 423, 424, 425], "summary": {"covered_lines": 13, "num_statements": 15, "percent_covered": 86.66666666666667, "percent_covered_display": "86.67", "missing_lines": 2, "excluded_lines": 0}, "missing_lines": [388, 394], "excluded_lines": []}, "TokenManager._acquire_with_legacy_retry": {"executed_lines": [465, 466, 467, 469, 470, 472, 475, 476, 481, 482, 485, 495, 497, 504, 515, 523, 531, 536, 537, 538, 540, 541, 542, 553, 558, 559, 560, 562, 568, 577, 586, 587, 598, 600, 602, 604, 609, 618, 627, 628], "summary": {"covered_lines": 40, "num_statements": 41, "percent_covered": 97.5609756097561, "percent_covered_display": "97.56", "missing_lines": 1, "excluded_lines": 0}, "missing_lines": [639], "excluded_lines": []}, "": {"executed_lines": [1, 2, 3, 4, 5, 6, 8, 10, 11, 12, 13, 14, 15, 16, 17, 24, 25, 27, 30, 41, 42, 43, 44, 45, 48, 49, 51, 121, 130, 139, 150, 161, 180, 220, 298, 308, 359, 463], "summary": {"covered_lines": 36, "num_statements": 36, "percent_covered": 100.0, "percent_covered_display": "100.00", "missing_lines": 0, "excluded_lines": 0}, "missing_lines": [], "excluded_lines": []}}, "classes": {"TokenManager": {"executed_lines": [67, 68, 69, 72, 76, 79, 80, 81, 84, 85, 88, 92, 93, 96, 99, 100, 101, 103, 112, 113, 115, 128, 137, 146, 148, 152, 153, 155, 165, 167, 168, 170, 182, 184, 185, 186, 189, 190, 193, 195, 199, 200, 201, 207, 233, 234, 236, 238, 239, 241, 242, 243, 244, 246, 248, 250, 257, 262, 263, 266, 286, 289, 295, 296, 300, 301, 304, 305, 306, 318, 319, 321, 329, 332, 333, 335, 337, 339, 340, 342, 345, 346, 350, 351, 353, 354, 357, 361, 362, 364, 365, 368, 369, 374, 375, 376, 386, 404, 411, 418, 423, 424, 425, 427, 428, 465, 466, 467, 469, 470, 472, 475, 476, 481, 482, 485, 495, 497, 504, 515, 523, 531, 536, 537, 538, 540, 541, 542, 553, 558, 559, 560, 562, 568, 577, 586, 587, 598, 600, 602, 604, 609, 618, 627, 628], "summary": {"covered_lines": 145, "num_statements": 167, "percent_covered": 86.82634730538922, "percent_covered_display": "86.83", "missing_lines": 22, "excluded_lines": 0}, "missing_lines": [147, 156, 194, 196, 197, 268, 270, 277, 281, 282, 283, 388, 394, 429, 431, 432, 433, 436, 444, 452, 453, 639], "excluded_lines": []}, "": {"executed_lines": [1, 2, 3, 4, 5, 6, 8, 10, 11, 12, 13, 14, 15, 16, 17, 24, 25, 27, 30, 41, 42, 43, 44, 45, 48, 49, 51, 121, 130, 139, 150, 161, 180, 220, 298, 308, 359, 463], "summary": {"covered_lines": 36, "num_statements": 36, "percent_covered": 100.0, "percent_covered_display": "100.00", "missing_lines": 0, "excluded_lines": 0}, "missing_lines": [], "excluded_lines": []}}}}, "totals": {"covered_lines": 1186, "num_statements": 1431, "percent_covered": 82.87910552061496, "percent_covered_display": "82.88", "missing_lines": 245, "excluded_lines": 4}}
